{"C:\\Users\\Josue GC\\Downloads\\PRY-SIGA\\SIGA-PWA\\SIGAfinal\\src\\__mocks__\\firebase.js":{"path":"C:\\Users\\Josue GC\\Downloads\\PRY-SIGA\\SIGA-PWA\\SIGAfinal\\src\\__mocks__\\firebase.js","statementMap":{"0":{"start":{"line":1,"column":29},"end":{"line":1,"column":48}},"1":{"start":{"line":1,"column":44},"end":{"line":1,"column":46}},"2":{"start":{"line":2,"column":28},"end":{"line":2,"column":47}},"3":{"start":{"line":2,"column":43},"end":{"line":2,"column":45}}},"fnMap":{"0":{"name":"(anonymous_0)","decl":{"start":{"line":1,"column":37},"end":{"line":1,"column":38}},"loc":{"start":{"line":1,"column":44},"end":{"line":1,"column":46}},"line":1},"1":{"name":"(anonymous_1)","decl":{"start":{"line":2,"column":36},"end":{"line":2,"column":37}},"loc":{"start":{"line":2,"column":43},"end":{"line":2,"column":45}},"line":2}},"branchMap":{},"s":{"0":0,"1":0,"2":0,"3":0},"f":{"0":0,"1":0},"b":{},"all":true},"C:\\Users\\Josue GC\\Downloads\\PRY-SIGA\\SIGA-PWA\\SIGAfinal\\src\\App.jsx":{"path":"C:\\Users\\Josue GC\\Downloads\\PRY-SIGA\\SIGA-PWA\\SIGAfinal\\src\\App.jsx","statementMap":{"0":{"start":{"line":88,"column":17},"end":{"line":98,"column":1}},"1":{"start":{"line":89,"column":2},"end":{"line":97,"column":8}},"2":{"start":{"line":100,"column":12},"end":{"line":188,"column":1}},"3":{"start":{"line":101,"column":17},"end":{"line":101,"column":40}},"4":{"start":{"line":102,"column":27},"end":{"line":102,"column":40}},"5":{"start":{"line":103,"column":2},"end":{"line":103,"column":28}},"6":{"start":{"line":105,"column":2},"end":{"line":187,"column":4}}},"fnMap":{"0":{"name":"(anonymous_0)","decl":{"start":{"line":88,"column":17},"end":{"line":88,"column":18}},"loc":{"start":{"line":89,"column":2},"end":{"line":97,"column":8}},"line":89},"1":{"name":"(anonymous_1)","decl":{"start":{"line":100,"column":12},"end":{"line":100,"column":13}},"loc":{"start":{"line":100,"column":18},"end":{"line":188,"column":1}},"line":100}},"branchMap":{},"s":{"0":0,"1":0,"2":0,"3":0,"4":0,"5":0,"6":0},"f":{"0":0,"1":0},"b":{},"all":true},"C:\\Users\\Josue GC\\Downloads\\PRY-SIGA\\SIGA-PWA\\SIGAfinal\\src\\CARGOS\\Admin\\Alumnos.jsx":{"path":"C:\\Users\\Josue GC\\Downloads\\PRY-SIGA\\SIGA-PWA\\SIGAfinal\\src\\CARGOS\\Admin\\Alumnos.jsx","statementMap":{"0":{"start":{"line":4,"column":20},"end":{"line":77,"column":1}},"1":{"start":{"line":5,"column":32},"end":{"line":5,"column":46}},"2":{"start":{"line":6,"column":38},"end":{"line":6,"column":50}},"3":{"start":{"line":7,"column":40},"end":{"line":7,"column":52}},"4":{"start":{"line":9,"column":2},"end":{"line":18,"column":9}},"5":{"start":{"line":11,"column":4},"end":{"line":17,"column":90}},"6":{"start":{"line":12,"column":24},"end":{"line":12,"column":39}},"7":{"start":{"line":14,"column":8},"end":{"line":14,"column":51}},"8":{"start":{"line":15,"column":8},"end":{"line":15,"column":25}},"9":{"start":{"line":17,"column":22},"end":{"line":17,"column":88}},"10":{"start":{"line":20,"column":23},"end":{"line":33,"column":3}},"11":{"start":{"line":22,"column":21},"end":{"line":30,"column":6}},"12":{"start":{"line":23,"column":6},"end":{"line":29,"column":7}},"13":{"start":{"line":24,"column":8},"end":{"line":24,"column":79}},"14":{"start":{"line":25,"column":13},"end":{"line":29,"column":7}},"15":{"start":{"line":26,"column":8},"end":{"line":26,"column":89}},"16":{"start":{"line":28,"column":8},"end":{"line":28,"column":20}},"17":{"start":{"line":32,"column":4},"end":{"line":32,"column":25}},"18":{"start":{"line":35,"column":2},"end":{"line":76,"column":4}},"19":{"start":{"line":43,"column":27},"end":{"line":43,"column":56}},"20":{"start":{"line":47,"column":27},"end":{"line":47,"column":57}},"21":{"start":{"line":65,"column":14},"end":{"line":68,"column":19}}},"fnMap":{"0":{"name":"(anonymous_0)","decl":{"start":{"line":4,"column":20},"end":{"line":4,"column":21}},"loc":{"start":{"line":4,"column":26},"end":{"line":77,"column":1}},"line":4},"1":{"name":"(anonymous_1)","decl":{"start":{"line":9,"column":12},"end":{"line":9,"column":13}},"loc":{"start":{"line":9,"column":18},"end":{"line":18,"column":3}},"line":9},"2":{"name":"(anonymous_2)","decl":{"start":{"line":12,"column":12},"end":{"line":12,"column":13}},"loc":{"start":{"line":12,"column":24},"end":{"line":12,"column":39}},"line":12},"3":{"name":"(anonymous_3)","decl":{"start":{"line":13,"column":12},"end":{"line":13,"column":13}},"loc":{"start":{"line":13,"column":20},"end":{"line":16,"column":7}},"line":13},"4":{"name":"(anonymous_4)","decl":{"start":{"line":17,"column":13},"end":{"line":17,"column":14}},"loc":{"start":{"line":17,"column":22},"end":{"line":17,"column":88}},"line":17},"5":{"name":"(anonymous_5)","decl":{"start":{"line":20,"column":23},"end":{"line":20,"column":24}},"loc":{"start":{"line":20,"column":29},"end":{"line":33,"column":3}},"line":20},"6":{"name":"(anonymous_6)","decl":{"start":{"line":22,"column":36},"end":{"line":22,"column":37}},"loc":{"start":{"line":22,"column":46},"end":{"line":30,"column":5}},"line":22},"7":{"name":"(anonymous_7)","decl":{"start":{"line":43,"column":20},"end":{"line":43,"column":21}},"loc":{"start":{"line":43,"column":27},"end":{"line":43,"column":56}},"line":43},"8":{"name":"(anonymous_8)","decl":{"start":{"line":47,"column":20},"end":{"line":47,"column":21}},"loc":{"start":{"line":47,"column":27},"end":{"line":47,"column":57}},"line":47},"9":{"name":"(anonymous_9)","decl":{"start":{"line":64,"column":25},"end":{"line":64,"column":26}},"loc":{"start":{"line":65,"column":14},"end":{"line":68,"column":19}},"line":65}},"branchMap":{"0":{"loc":{"start":{"line":23,"column":6},"end":{"line":29,"column":7}},"type":"if","locations":[{"start":{"line":23,"column":6},"end":{"line":29,"column":7}},{"start":{"line":25,"column":13},"end":{"line":29,"column":7}}],"line":23},"1":{"loc":{"start":{"line":25,"column":13},"end":{"line":29,"column":7}},"type":"if","locations":[{"start":{"line":25,"column":13},"end":{"line":29,"column":7}},{"start":{"line":27,"column":13},"end":{"line":29,"column":7}}],"line":25},"2":{"loc":{"start":{"line":55,"column":7},"end":{"line":74,"column":7}},"type":"cond-expr","locations":[{"start":{"line":56,"column":8},"end":{"line":71,"column":16}},{"start":{"line":73,"column":8},"end":{"line":73,"column":47}}],"line":55}},"s":{"0":0,"1":0,"2":0,"3":0,"4":0,"5":0,"6":0,"7":0,"8":0,"9":0,"10":0,"11":0,"12":0,"13":0,"14":0,"15":0,"16":0,"17":0,"18":0,"19":0,"20":0,"21":0},"f":{"0":0,"1":0,"2":0,"3":0,"4":0,"5":0,"6":0,"7":0,"8":0,"9":0},"b":{"0":[0,0],"1":[0,0],"2":[0,0]},"all":true},"C:\\Users\\Josue GC\\Downloads\\PRY-SIGA\\SIGA-PWA\\SIGAfinal\\src\\CARGOS\\Admin\\BitacorasAd.jsx":{"path":"C:\\Users\\Josue GC\\Downloads\\PRY-SIGA\\SIGA-PWA\\SIGAfinal\\src\\CARGOS\\Admin\\BitacorasAd.jsx","statementMap":{"0":{"start":{"line":9,"column":18},"end":{"line":21,"column":1}},"1":{"start":{"line":11,"column":4},"end":{"line":20,"column":4}}},"fnMap":{"0":{"name":"(anonymous_0)","decl":{"start":{"line":9,"column":18},"end":{"line":9,"column":19}},"loc":{"start":{"line":10,"column":0},"end":{"line":21,"column":1}},"line":10}},"branchMap":{},"s":{"0":0,"1":0},"f":{"0":0},"b":{},"all":true},"C:\\Users\\Josue GC\\Downloads\\PRY-SIGA\\SIGA-PWA\\SIGAfinal\\src\\CARGOS\\Admin\\BoletinAd.jsx":{"path":"C:\\Users\\Josue GC\\Downloads\\PRY-SIGA\\SIGA-PWA\\SIGAfinal\\src\\CARGOS\\Admin\\BoletinAd.jsx","statementMap":{"0":{"start":{"line":9,"column":18},"end":{"line":20,"column":1}},"1":{"start":{"line":11,"column":4},"end":{"line":19,"column":4}}},"fnMap":{"0":{"name":"(anonymous_0)","decl":{"start":{"line":9,"column":18},"end":{"line":9,"column":19}},"loc":{"start":{"line":10,"column":0},"end":{"line":20,"column":1}},"line":10}},"branchMap":{},"s":{"0":0,"1":0},"f":{"0":0},"b":{},"all":true},"C:\\Users\\Josue GC\\Downloads\\PRY-SIGA\\SIGA-PWA\\SIGAfinal\\src\\CARGOS\\Admin\\CargaAlumnos.jsx":{"path":"C:\\Users\\Josue GC\\Downloads\\PRY-SIGA\\SIGA-PWA\\SIGAfinal\\src\\CARGOS\\Admin\\CargaAlumnos.jsx","statementMap":{"0":{"start":{"line":9,"column":21},"end":{"line":103,"column":1}},"1":{"start":{"line":10,"column":17},"end":{"line":10,"column":31}},"2":{"start":{"line":11,"column":34},"end":{"line":11,"column":46}},"3":{"start":{"line":12,"column":48},"end":{"line":12,"column":63}},"4":{"start":{"line":14,"column":19},"end":{"line":54,"column":3}},"5":{"start":{"line":15,"column":4},"end":{"line":18,"column":5}},"6":{"start":{"line":16,"column":6},"end":{"line":16,"column":62}},"7":{"start":{"line":17,"column":6},"end":{"line":17,"column":13}},"8":{"start":{"line":20,"column":17},"end":{"line":20,"column":28}},"9":{"start":{"line":21,"column":20},"end":{"line":21,"column":101}},"10":{"start":{"line":22,"column":4},"end":{"line":25,"column":5}},"11":{"start":{"line":23,"column":6},"end":{"line":23,"column":69}},"12":{"start":{"line":24,"column":6},"end":{"line":24,"column":13}},"13":{"start":{"line":27,"column":21},"end":{"line":27,"column":35}},"14":{"start":{"line":28,"column":4},"end":{"line":28,"column":34}},"15":{"start":{"line":30,"column":4},"end":{"line":53,"column":5}},"16":{"start":{"line":31,"column":23},"end":{"line":34,"column":8}},"17":{"start":{"line":35,"column":6},"end":{"line":35,"column":41}},"18":{"start":{"line":37,"column":19},"end":{"line":37,"column":40}},"19":{"start":{"line":40,"column":6},"end":{"line":49,"column":7}},"20":{"start":{"line":41,"column":8},"end":{"line":41,"column":107}},"21":{"start":{"line":42,"column":8},"end":{"line":42,"column":27}},"22":{"start":{"line":43,"column":8},"end":{"line":43,"column":24}},"23":{"start":{"line":44,"column":8},"end":{"line":44,"column":33}},"24":{"start":{"line":46,"column":8},"end":{"line":46,"column":36}},"25":{"start":{"line":47,"column":8},"end":{"line":47,"column":35}},"26":{"start":{"line":51,"column":6},"end":{"line":51,"column":62}},"27":{"start":{"line":52,"column":6},"end":{"line":52,"column":55}},"28":{"start":{"line":56,"column":25},"end":{"line":58,"column":3}},"29":{"start":{"line":57,"column":4},"end":{"line":57,"column":38}},"30":{"start":{"line":60,"column":23},"end":{"line":64,"column":3}},"31":{"start":{"line":62,"column":4},"end":{"line":62,"column":24}},"32":{"start":{"line":63,"column":4},"end":{"line":63,"column":17}},"33":{"start":{"line":66,"column":2},"end":{"line":102,"column":4}}},"fnMap":{"0":{"name":"(anonymous_0)","decl":{"start":{"line":9,"column":21},"end":{"line":9,"column":22}},"loc":{"start":{"line":9,"column":27},"end":{"line":103,"column":1}},"line":9},"1":{"name":"(anonymous_1)","decl":{"start":{"line":14,"column":19},"end":{"line":14,"column":20}},"loc":{"start":{"line":14,"column":31},"end":{"line":54,"column":3}},"line":14},"2":{"name":"(anonymous_2)","decl":{"start":{"line":56,"column":25},"end":{"line":56,"column":26}},"loc":{"start":{"line":56,"column":40},"end":{"line":58,"column":3}},"line":56},"3":{"name":"(anonymous_3)","decl":{"start":{"line":60,"column":23},"end":{"line":60,"column":24}},"loc":{"start":{"line":60,"column":33},"end":{"line":64,"column":3}},"line":60}},"branchMap":{"0":{"loc":{"start":{"line":15,"column":4},"end":{"line":18,"column":5}},"type":"if","locations":[{"start":{"line":15,"column":4},"end":{"line":18,"column":5}},{"start":{},"end":{}}],"line":15},"1":{"loc":{"start":{"line":22,"column":4},"end":{"line":25,"column":5}},"type":"if","locations":[{"start":{"line":22,"column":4},"end":{"line":25,"column":5}},{"start":{},"end":{}}],"line":22},"2":{"loc":{"start":{"line":40,"column":6},"end":{"line":49,"column":7}},"type":"if","locations":[{"start":{"line":40,"column":6},"end":{"line":49,"column":7}},{"start":{"line":45,"column":13},"end":{"line":49,"column":7}}],"line":40},"3":{"loc":{"start":{"line":78,"column":7},"end":{"line":80,"column":7}},"type":"binary-expr","locations":[{"start":{"line":78,"column":7},"end":{"line":78,"column":22}},{"start":{"line":79,"column":8},"end":{"line":79,"column":81}}],"line":78}},"s":{"0":0,"1":0,"2":0,"3":0,"4":0,"5":0,"6":0,"7":0,"8":0,"9":0,"10":0,"11":0,"12":0,"13":0,"14":0,"15":0,"16":0,"17":0,"18":0,"19":0,"20":0,"21":0,"22":0,"23":0,"24":0,"25":0,"26":0,"27":0,"28":0,"29":0,"30":0,"31":0,"32":0,"33":0},"f":{"0":0,"1":0,"2":0,"3":0},"b":{"0":[0,0],"1":[0,0],"2":[0,0],"3":[0,0]},"all":true},"C:\\Users\\Josue GC\\Downloads\\PRY-SIGA\\SIGA-PWA\\SIGAfinal\\src\\CARGOS\\Admin\\DiarioEvent.jsx":{"path":"C:\\Users\\Josue GC\\Downloads\\PRY-SIGA\\SIGA-PWA\\SIGAfinal\\src\\CARGOS\\Admin\\DiarioEvent.jsx","statementMap":{"0":{"start":{"line":9,"column":18},"end":{"line":169,"column":1}},"1":{"start":{"line":10,"column":46},"end":{"line":16,"column":4}},"2":{"start":{"line":17,"column":46},"end":{"line":17,"column":58}},"3":{"start":{"line":18,"column":34},"end":{"line":18,"column":46}},"4":{"start":{"line":19,"column":50},"end":{"line":19,"column":65}},"5":{"start":{"line":20,"column":19},"end":{"line":20,"column":32}},"6":{"start":{"line":22,"column":2},"end":{"line":28,"column":9}},"7":{"start":{"line":23,"column":23},"end":{"line":23,"column":63}},"8":{"start":{"line":24,"column":4},"end":{"line":27,"column":5}},"9":{"start":{"line":25,"column":6},"end":{"line":25,"column":40}},"10":{"start":{"line":26,"column":6},"end":{"line":26,"column":63}},"11":{"start":{"line":30,"column":23},"end":{"line":36,"column":3}},"12":{"start":{"line":31,"column":28},"end":{"line":31,"column":36}},"13":{"start":{"line":32,"column":4},"end":{"line":35,"column":8}},"14":{"start":{"line":32,"column":36},"end":{"line":35,"column":5}},"15":{"start":{"line":38,"column":27},"end":{"line":64,"column":3}},"16":{"start":{"line":39,"column":4},"end":{"line":41,"column":5}},"17":{"start":{"line":40,"column":6},"end":{"line":40,"column":13}},"18":{"start":{"line":43,"column":4},"end":{"line":63,"column":78}},"19":{"start":{"line":50,"column":22},"end":{"line":50,"column":37}},"20":{"start":{"line":52,"column":6},"end":{"line":52,"column":51}},"21":{"start":{"line":53,"column":6},"end":{"line":59,"column":9}},"22":{"start":{"line":60,"column":6},"end":{"line":60,"column":54}},"23":{"start":{"line":61,"column":6},"end":{"line":61,"column":33}},"24":{"start":{"line":63,"column":20},"end":{"line":63,"column":76}},"25":{"start":{"line":66,"column":23},"end":{"line":73,"column":3}},"26":{"start":{"line":67,"column":62},"end":{"line":67,"column":76}},"27":{"start":{"line":68,"column":4},"end":{"line":71,"column":5}},"28":{"start":{"line":69,"column":6},"end":{"line":69,"column":75}},"29":{"start":{"line":70,"column":6},"end":{"line":70,"column":19}},"30":{"start":{"line":72,"column":4},"end":{"line":72,"column":16}},"31":{"start":{"line":75,"column":23},"end":{"line":80,"column":3}},"32":{"start":{"line":76,"column":4},"end":{"line":78,"column":5}},"33":{"start":{"line":77,"column":6},"end":{"line":77,"column":13}},"34":{"start":{"line":79,"column":4},"end":{"line":79,"column":30}},"35":{"start":{"line":82,"column":23},"end":{"line":84,"column":3}},"36":{"start":{"line":83,"column":4},"end":{"line":83,"column":31}},"37":{"start":{"line":86,"column":25},"end":{"line":88,"column":3}},"38":{"start":{"line":87,"column":4},"end":{"line":87,"column":20}},"39":{"start":{"line":90,"column":2},"end":{"line":168,"column":4}},"40":{"start":{"line":101,"column":61},"end":{"line":101,"column":89}},"41":{"start":{"line":105,"column":61},"end":{"line":105,"column":91}}},"fnMap":{"0":{"name":"(anonymous_0)","decl":{"start":{"line":9,"column":18},"end":{"line":9,"column":19}},"loc":{"start":{"line":9,"column":24},"end":{"line":169,"column":1}},"line":9},"1":{"name":"(anonymous_1)","decl":{"start":{"line":22,"column":12},"end":{"line":22,"column":13}},"loc":{"start":{"line":22,"column":18},"end":{"line":28,"column":3}},"line":22},"2":{"name":"(anonymous_2)","decl":{"start":{"line":30,"column":23},"end":{"line":30,"column":24}},"loc":{"start":{"line":30,"column":30},"end":{"line":36,"column":3}},"line":30},"3":{"name":"(anonymous_3)","decl":{"start":{"line":32,"column":22},"end":{"line":32,"column":23}},"loc":{"start":{"line":32,"column":36},"end":{"line":35,"column":5}},"line":32},"4":{"name":"(anonymous_4)","decl":{"start":{"line":38,"column":27},"end":{"line":38,"column":28}},"loc":{"start":{"line":38,"column":33},"end":{"line":64,"column":3}},"line":38},"5":{"name":"(anonymous_5)","decl":{"start":{"line":50,"column":10},"end":{"line":50,"column":11}},"loc":{"start":{"line":50,"column":22},"end":{"line":50,"column":37}},"line":50},"6":{"name":"(anonymous_6)","decl":{"start":{"line":51,"column":10},"end":{"line":51,"column":11}},"loc":{"start":{"line":51,"column":18},"end":{"line":62,"column":5}},"line":51},"7":{"name":"(anonymous_7)","decl":{"start":{"line":63,"column":11},"end":{"line":63,"column":12}},"loc":{"start":{"line":63,"column":20},"end":{"line":63,"column":76}},"line":63},"8":{"name":"(anonymous_8)","decl":{"start":{"line":66,"column":23},"end":{"line":66,"column":24}},"loc":{"start":{"line":66,"column":29},"end":{"line":73,"column":3}},"line":66},"9":{"name":"(anonymous_9)","decl":{"start":{"line":75,"column":23},"end":{"line":75,"column":24}},"loc":{"start":{"line":75,"column":29},"end":{"line":80,"column":3}},"line":75},"10":{"name":"(anonymous_10)","decl":{"start":{"line":82,"column":23},"end":{"line":82,"column":24}},"loc":{"start":{"line":82,"column":29},"end":{"line":84,"column":3}},"line":82},"11":{"name":"(anonymous_11)","decl":{"start":{"line":86,"column":25},"end":{"line":86,"column":26}},"loc":{"start":{"line":86,"column":36},"end":{"line":88,"column":3}},"line":86},"12":{"name":"(anonymous_12)","decl":{"start":{"line":101,"column":55},"end":{"line":101,"column":56}},"loc":{"start":{"line":101,"column":61},"end":{"line":101,"column":89}},"line":101},"13":{"name":"(anonymous_13)","decl":{"start":{"line":105,"column":55},"end":{"line":105,"column":56}},"loc":{"start":{"line":105,"column":61},"end":{"line":105,"column":91}},"line":105}},"branchMap":{"0":{"loc":{"start":{"line":24,"column":4},"end":{"line":27,"column":5}},"type":"if","locations":[{"start":{"line":24,"column":4},"end":{"line":27,"column":5}},{"start":{},"end":{}}],"line":24},"1":{"loc":{"start":{"line":24,"column":8},"end":{"line":24,"column":59}},"type":"binary-expr","locations":[{"start":{"line":24,"column":8},"end":{"line":24,"column":18}},{"start":{"line":24,"column":22},"end":{"line":24,"column":35}},{"start":{"line":24,"column":39},"end":{"line":24,"column":59}}],"line":24},"2":{"loc":{"start":{"line":39,"column":4},"end":{"line":41,"column":5}},"type":"if","locations":[{"start":{"line":39,"column":4},"end":{"line":41,"column":5}},{"start":{},"end":{}}],"line":39},"3":{"loc":{"start":{"line":68,"column":4},"end":{"line":71,"column":5}},"type":"if","locations":[{"start":{"line":68,"column":4},"end":{"line":71,"column":5}},{"start":{},"end":{}}],"line":68},"4":{"loc":{"start":{"line":68,"column":8},"end":{"line":68,"column":66}},"type":"binary-expr","locations":[{"start":{"line":68,"column":8},"end":{"line":68,"column":19}},{"start":{"line":68,"column":23},"end":{"line":68,"column":30}},{"start":{"line":68,"column":34},"end":{"line":68,"column":40}},{"start":{"line":68,"column":44},"end":{"line":68,"column":56}},{"start":{"line":68,"column":60},"end":{"line":68,"column":66}}],"line":68},"5":{"loc":{"start":{"line":76,"column":4},"end":{"line":78,"column":5}},"type":"if","locations":[{"start":{"line":76,"column":4},"end":{"line":78,"column":5}},{"start":{},"end":{}}],"line":76},"6":{"loc":{"start":{"line":156,"column":11},"end":{"line":156,"column":79}},"type":"binary-expr","locations":[{"start":{"line":156,"column":11},"end":{"line":156,"column":25}},{"start":{"line":156,"column":29},"end":{"line":156,"column":79}}],"line":156},"7":{"loc":{"start":{"line":158,"column":9},"end":{"line":165,"column":9}},"type":"binary-expr","locations":[{"start":{"line":158,"column":9},"end":{"line":158,"column":25}},{"start":{"line":159,"column":10},"end":{"line":164,"column":16}}],"line":158}},"s":{"0":0,"1":0,"2":0,"3":0,"4":0,"5":0,"6":0,"7":0,"8":0,"9":0,"10":0,"11":0,"12":0,"13":0,"14":0,"15":0,"16":0,"17":0,"18":0,"19":0,"20":0,"21":0,"22":0,"23":0,"24":0,"25":0,"26":0,"27":0,"28":0,"29":0,"30":0,"31":0,"32":0,"33":0,"34":0,"35":0,"36":0,"37":0,"38":0,"39":0,"40":0,"41":0},"f":{"0":0,"1":0,"2":0,"3":0,"4":0,"5":0,"6":0,"7":0,"8":0,"9":0,"10":0,"11":0,"12":0,"13":0},"b":{"0":[0,0],"1":[0,0,0],"2":[0,0],"3":[0,0],"4":[0,0,0,0,0],"5":[0,0],"6":[0,0],"7":[0,0]},"all":true},"C:\\Users\\Josue GC\\Downloads\\PRY-SIGA\\SIGA-PWA\\SIGAfinal\\src\\CARGOS\\Admin\\HeaderSe.jsx":{"path":"C:\\Users\\Josue GC\\Downloads\\PRY-SIGA\\SIGA-PWA\\SIGAfinal\\src\\CARGOS\\Admin\\HeaderSe.jsx","statementMap":{"0":{"start":{"line":5,"column":15},"end":{"line":32,"column":1}},"1":{"start":{"line":6,"column":2},"end":{"line":31,"column":4}}},"fnMap":{"0":{"name":"(anonymous_0)","decl":{"start":{"line":5,"column":15},"end":{"line":5,"column":16}},"loc":{"start":{"line":5,"column":21},"end":{"line":32,"column":1}},"line":5}},"branchMap":{},"s":{"0":0,"1":0},"f":{"0":0},"b":{},"all":true},"C:\\Users\\Josue GC\\Downloads\\PRY-SIGA\\SIGA-PWA\\SIGAfinal\\src\\CARGOS\\Admin\\Historial.jsx":{"path":"C:\\Users\\Josue GC\\Downloads\\PRY-SIGA\\SIGA-PWA\\SIGAfinal\\src\\CARGOS\\Admin\\Historial.jsx","statementMap":{"0":{"start":{"line":4,"column":28},"end":{"line":105,"column":1}},"1":{"start":{"line":5,"column":40},"end":{"line":5,"column":52}},"2":{"start":{"line":6,"column":50},"end":{"line":6,"column":65}},"3":{"start":{"line":7,"column":56},"end":{"line":7,"column":70}},"4":{"start":{"line":9,"column":2},"end":{"line":20,"column":9}},"5":{"start":{"line":10,"column":4},"end":{"line":19,"column":83}},"6":{"start":{"line":11,"column":24},"end":{"line":11,"column":39}},"7":{"start":{"line":13,"column":8},"end":{"line":17,"column":9}},"8":{"start":{"line":14,"column":10},"end":{"line":14,"column":36}},"9":{"start":{"line":16,"column":10},"end":{"line":16,"column":57}},"10":{"start":{"line":19,"column":22},"end":{"line":19,"column":81}},"11":{"start":{"line":22,"column":33},"end":{"line":25,"column":3}},"12":{"start":{"line":23,"column":4},"end":{"line":23,"column":31}},"13":{"start":{"line":24,"column":4},"end":{"line":24,"column":30}},"14":{"start":{"line":27,"column":34},"end":{"line":30,"column":3}},"15":{"start":{"line":28,"column":4},"end":{"line":28,"column":33}},"16":{"start":{"line":29,"column":4},"end":{"line":29,"column":31}},"17":{"start":{"line":32,"column":32},"end":{"line":50,"column":3}},"18":{"start":{"line":33,"column":4},"end":{"line":49,"column":77}},"19":{"start":{"line":40,"column":22},"end":{"line":40,"column":37}},"20":{"start":{"line":42,"column":6},"end":{"line":47,"column":7}},"21":{"start":{"line":43,"column":8},"end":{"line":43,"column":94}},"22":{"start":{"line":43,"column":55},"end":{"line":43,"column":91}},"23":{"start":{"line":44,"column":8},"end":{"line":44,"column":34}},"24":{"start":{"line":46,"column":8},"end":{"line":46,"column":56}},"25":{"start":{"line":49,"column":20},"end":{"line":49,"column":75}},"26":{"start":{"line":52,"column":2},"end":{"line":104,"column":4}},"27":{"start":{"line":72,"column":12},"end":{"line":88,"column":17}},"28":{"start":{"line":84,"column":39},"end":{"line":84,"column":75}}},"fnMap":{"0":{"name":"(anonymous_0)","decl":{"start":{"line":4,"column":28},"end":{"line":4,"column":29}},"loc":{"start":{"line":4,"column":34},"end":{"line":105,"column":1}},"line":4},"1":{"name":"(anonymous_1)","decl":{"start":{"line":9,"column":12},"end":{"line":9,"column":13}},"loc":{"start":{"line":9,"column":18},"end":{"line":20,"column":3}},"line":9},"2":{"name":"(anonymous_2)","decl":{"start":{"line":11,"column":12},"end":{"line":11,"column":13}},"loc":{"start":{"line":11,"column":24},"end":{"line":11,"column":39}},"line":11},"3":{"name":"(anonymous_3)","decl":{"start":{"line":12,"column":12},"end":{"line":12,"column":13}},"loc":{"start":{"line":12,"column":20},"end":{"line":18,"column":7}},"line":12},"4":{"name":"(anonymous_4)","decl":{"start":{"line":19,"column":13},"end":{"line":19,"column":14}},"loc":{"start":{"line":19,"column":22},"end":{"line":19,"column":81}},"line":19},"5":{"name":"(anonymous_5)","decl":{"start":{"line":22,"column":33},"end":{"line":22,"column":34}},"loc":{"start":{"line":22,"column":41},"end":{"line":25,"column":3}},"line":22},"6":{"name":"(anonymous_6)","decl":{"start":{"line":27,"column":34},"end":{"line":27,"column":35}},"loc":{"start":{"line":27,"column":40},"end":{"line":30,"column":3}},"line":27},"7":{"name":"(anonymous_7)","decl":{"start":{"line":32,"column":32},"end":{"line":32,"column":33}},"loc":{"start":{"line":32,"column":38},"end":{"line":50,"column":3}},"line":32},"8":{"name":"(anonymous_8)","decl":{"start":{"line":40,"column":10},"end":{"line":40,"column":11}},"loc":{"start":{"line":40,"column":22},"end":{"line":40,"column":37}},"line":40},"9":{"name":"(anonymous_9)","decl":{"start":{"line":41,"column":10},"end":{"line":41,"column":11}},"loc":{"start":{"line":41,"column":18},"end":{"line":48,"column":5}},"line":41},"10":{"name":"(anonymous_10)","decl":{"start":{"line":43,"column":42},"end":{"line":43,"column":43}},"loc":{"start":{"line":43,"column":55},"end":{"line":43,"column":91}},"line":43},"11":{"name":"(anonymous_11)","decl":{"start":{"line":49,"column":11},"end":{"line":49,"column":12}},"loc":{"start":{"line":49,"column":20},"end":{"line":49,"column":75}},"line":49},"12":{"name":"(anonymous_12)","decl":{"start":{"line":71,"column":27},"end":{"line":71,"column":28}},"loc":{"start":{"line":72,"column":12},"end":{"line":88,"column":17}},"line":72},"13":{"name":"(anonymous_13)","decl":{"start":{"line":84,"column":33},"end":{"line":84,"column":34}},"loc":{"start":{"line":84,"column":39},"end":{"line":84,"column":75}},"line":84}},"branchMap":{"0":{"loc":{"start":{"line":13,"column":8},"end":{"line":17,"column":9}},"type":"if","locations":[{"start":{"line":13,"column":8},"end":{"line":17,"column":9}},{"start":{"line":15,"column":15},"end":{"line":17,"column":9}}],"line":13},"1":{"loc":{"start":{"line":42,"column":6},"end":{"line":47,"column":7}},"type":"if","locations":[{"start":{"line":42,"column":6},"end":{"line":47,"column":7}},{"start":{"line":45,"column":13},"end":{"line":47,"column":7}}],"line":42},"2":{"loc":{"start":{"line":93,"column":7},"end":{"line":102,"column":7}},"type":"binary-expr","locations":[{"start":{"line":93,"column":7},"end":{"line":93,"column":23}},{"start":{"line":94,"column":8},"end":{"line":101,"column":14}}],"line":93}},"s":{"0":0,"1":0,"2":0,"3":0,"4":0,"5":0,"6":0,"7":0,"8":0,"9":0,"10":0,"11":0,"12":0,"13":0,"14":0,"15":0,"16":0,"17":0,"18":0,"19":0,"20":0,"21":0,"22":0,"23":0,"24":0,"25":0,"26":0,"27":0,"28":0},"f":{"0":0,"1":0,"2":0,"3":0,"4":0,"5":0,"6":0,"7":0,"8":0,"9":0,"10":0,"11":0,"12":0,"13":0},"b":{"0":[0,0],"1":[0,0],"2":[0,0]},"all":true},"C:\\Users\\Josue GC\\Downloads\\PRY-SIGA\\SIGA-PWA\\SIGAfinal\\src\\CARGOS\\Admin\\MenuAd.jsx":{"path":"C:\\Users\\Josue GC\\Downloads\\PRY-SIGA\\SIGA-PWA\\SIGAfinal\\src\\CARGOS\\Admin\\MenuAd.jsx","statementMap":{"0":{"start":{"line":6,"column":15},"end":{"line":19,"column":1}},"1":{"start":{"line":7,"column":2},"end":{"line":18,"column":4}}},"fnMap":{"0":{"name":"(anonymous_0)","decl":{"start":{"line":6,"column":15},"end":{"line":6,"column":16}},"loc":{"start":{"line":6,"column":21},"end":{"line":19,"column":1}},"line":6}},"branchMap":{},"s":{"0":0,"1":0},"f":{"0":0},"b":{},"all":true},"C:\\Users\\Josue GC\\Downloads\\PRY-SIGA\\SIGA-PWA\\SIGAfinal\\src\\CARGOS\\Admin\\sesionAdmin.jsx":{"path":"C:\\Users\\Josue GC\\Downloads\\PRY-SIGA\\SIGA-PWA\\SIGAfinal\\src\\CARGOS\\Admin\\sesionAdmin.jsx","statementMap":{"0":{"start":{"line":10,"column":20},"end":{"line":41,"column":1}},"1":{"start":{"line":11,"column":46},"end":{"line":11,"column":58}},"2":{"start":{"line":13,"column":2},"end":{"line":18,"column":9}},"3":{"start":{"line":14,"column":23},"end":{"line":14,"column":63}},"4":{"start":{"line":15,"column":4},"end":{"line":17,"column":5}},"5":{"start":{"line":16,"column":6},"end":{"line":16,"column":36}},"6":{"start":{"line":20,"column":2},"end":{"line":40,"column":4}}},"fnMap":{"0":{"name":"(anonymous_0)","decl":{"start":{"line":10,"column":20},"end":{"line":10,"column":21}},"loc":{"start":{"line":10,"column":26},"end":{"line":41,"column":1}},"line":10},"1":{"name":"(anonymous_1)","decl":{"start":{"line":13,"column":12},"end":{"line":13,"column":13}},"loc":{"start":{"line":13,"column":18},"end":{"line":18,"column":3}},"line":13}},"branchMap":{"0":{"loc":{"start":{"line":15,"column":4},"end":{"line":17,"column":5}},"type":"if","locations":[{"start":{"line":15,"column":4},"end":{"line":17,"column":5}},{"start":{},"end":{}}],"line":15}},"s":{"0":0,"1":0,"2":0,"3":0,"4":0,"5":0,"6":0},"f":{"0":0,"1":0},"b":{"0":[0,0]},"all":true},"C:\\Users\\Josue GC\\Downloads\\PRY-SIGA\\SIGA-PWA\\SIGAfinal\\src\\CARGOS\\Admin\\TablaAlm.jsx":{"path":"C:\\Users\\Josue GC\\Downloads\\PRY-SIGA\\SIGA-PWA\\SIGAfinal\\src\\CARGOS\\Admin\\TablaAlm.jsx","statementMap":{"0":{"start":{"line":6,"column":17},"end":{"line":16,"column":1}},"1":{"start":{"line":7,"column":2},"end":{"line":15,"column":4}}},"fnMap":{"0":{"name":"(anonymous_0)","decl":{"start":{"line":6,"column":17},"end":{"line":6,"column":18}},"loc":{"start":{"line":6,"column":23},"end":{"line":16,"column":1}},"line":6}},"branchMap":{},"s":{"0":0,"1":0},"f":{"0":0},"b":{},"all":true},"C:\\Users\\Josue GC\\Downloads\\PRY-SIGA\\SIGA-PWA\\SIGAfinal\\src\\CARGOS\\Admin\\TablaHis.jsx":{"path":"C:\\Users\\Josue GC\\Downloads\\PRY-SIGA\\SIGA-PWA\\SIGAfinal\\src\\CARGOS\\Admin\\TablaHis.jsx","statementMap":{"0":{"start":{"line":6,"column":17},"end":{"line":16,"column":1}},"1":{"start":{"line":7,"column":2},"end":{"line":15,"column":4}}},"fnMap":{"0":{"name":"(anonymous_0)","decl":{"start":{"line":6,"column":17},"end":{"line":6,"column":18}},"loc":{"start":{"line":6,"column":23},"end":{"line":16,"column":1}},"line":6}},"branchMap":{},"s":{"0":0,"1":0},"f":{"0":0},"b":{},"all":true},"C:\\Users\\Josue GC\\Downloads\\PRY-SIGA\\SIGA-PWA\\SIGAfinal\\src\\CARGOS\\Admin\\TBL\\tblbitacora.jsx":{"path":"C:\\Users\\Josue GC\\Downloads\\PRY-SIGA\\SIGA-PWA\\SIGAfinal\\src\\CARGOS\\Admin\\TBL\\tblbitacora.jsx","statementMap":{"0":{"start":{"line":4,"column":20},"end":{"line":36,"column":1}},"1":{"start":{"line":5,"column":30},"end":{"line":5,"column":44}},"2":{"start":{"line":7,"column":2},"end":{"line":15,"column":9}},"3":{"start":{"line":8,"column":4},"end":{"line":14,"column":86}},"4":{"start":{"line":9,"column":24},"end":{"line":9,"column":39}},"5":{"start":{"line":11,"column":8},"end":{"line":11,"column":47}},"6":{"start":{"line":12,"column":8},"end":{"line":12,"column":24}},"7":{"start":{"line":14,"column":22},"end":{"line":14,"column":84}},"8":{"start":{"line":17,"column":2},"end":{"line":35,"column":4}},"9":{"start":{"line":22,"column":12},"end":{"line":28,"column":18}}},"fnMap":{"0":{"name":"(anonymous_0)","decl":{"start":{"line":4,"column":20},"end":{"line":4,"column":21}},"loc":{"start":{"line":4,"column":26},"end":{"line":36,"column":1}},"line":4},"1":{"name":"(anonymous_1)","decl":{"start":{"line":7,"column":12},"end":{"line":7,"column":13}},"loc":{"start":{"line":7,"column":18},"end":{"line":15,"column":3}},"line":7},"2":{"name":"(anonymous_2)","decl":{"start":{"line":9,"column":12},"end":{"line":9,"column":13}},"loc":{"start":{"line":9,"column":24},"end":{"line":9,"column":39}},"line":9},"3":{"name":"(anonymous_3)","decl":{"start":{"line":10,"column":12},"end":{"line":10,"column":13}},"loc":{"start":{"line":10,"column":20},"end":{"line":13,"column":7}},"line":10},"4":{"name":"(anonymous_4)","decl":{"start":{"line":14,"column":13},"end":{"line":14,"column":14}},"loc":{"start":{"line":14,"column":22},"end":{"line":14,"column":84}},"line":14},"5":{"name":"(anonymous_5)","decl":{"start":{"line":21,"column":22},"end":{"line":21,"column":23}},"loc":{"start":{"line":22,"column":12},"end":{"line":28,"column":18}},"line":22}},"branchMap":{"0":{"loc":{"start":{"line":19,"column":7},"end":{"line":33,"column":7}},"type":"cond-expr","locations":[{"start":{"line":20,"column":8},"end":{"line":30,"column":14}},{"start":{"line":32,"column":8},"end":{"line":32,"column":43}}],"line":19},"1":{"loc":{"start":{"line":27,"column":15},"end":{"line":27,"column":81}},"type":"binary-expr","locations":[{"start":{"line":27,"column":15},"end":{"line":27,"column":42}},{"start":{"line":27,"column":46},"end":{"line":27,"column":81}}],"line":27}},"s":{"0":0,"1":0,"2":0,"3":0,"4":0,"5":0,"6":0,"7":0,"8":0,"9":0},"f":{"0":0,"1":0,"2":0,"3":0,"4":0,"5":0},"b":{"0":[0,0],"1":[0,0]},"all":true},"C:\\Users\\Josue GC\\Downloads\\PRY-SIGA\\SIGA-PWA\\SIGAfinal\\src\\CARGOS\\Admin\\TBL\\tblboletin.jsx":{"path":"C:\\Users\\Josue GC\\Downloads\\PRY-SIGA\\SIGA-PWA\\SIGAfinal\\src\\CARGOS\\Admin\\TBL\\tblboletin.jsx","statementMap":{"0":{"start":{"line":4,"column":20},"end":{"line":36,"column":1}},"1":{"start":{"line":5,"column":30},"end":{"line":5,"column":44}},"2":{"start":{"line":7,"column":2},"end":{"line":15,"column":9}},"3":{"start":{"line":8,"column":4},"end":{"line":14,"column":86}},"4":{"start":{"line":9,"column":24},"end":{"line":9,"column":39}},"5":{"start":{"line":11,"column":8},"end":{"line":11,"column":47}},"6":{"start":{"line":12,"column":8},"end":{"line":12,"column":24}},"7":{"start":{"line":14,"column":22},"end":{"line":14,"column":84}},"8":{"start":{"line":17,"column":2},"end":{"line":35,"column":4}},"9":{"start":{"line":22,"column":12},"end":{"line":28,"column":18}}},"fnMap":{"0":{"name":"(anonymous_0)","decl":{"start":{"line":4,"column":20},"end":{"line":4,"column":21}},"loc":{"start":{"line":4,"column":26},"end":{"line":36,"column":1}},"line":4},"1":{"name":"(anonymous_1)","decl":{"start":{"line":7,"column":12},"end":{"line":7,"column":13}},"loc":{"start":{"line":7,"column":18},"end":{"line":15,"column":3}},"line":7},"2":{"name":"(anonymous_2)","decl":{"start":{"line":9,"column":12},"end":{"line":9,"column":13}},"loc":{"start":{"line":9,"column":24},"end":{"line":9,"column":39}},"line":9},"3":{"name":"(anonymous_3)","decl":{"start":{"line":10,"column":12},"end":{"line":10,"column":13}},"loc":{"start":{"line":10,"column":20},"end":{"line":13,"column":7}},"line":10},"4":{"name":"(anonymous_4)","decl":{"start":{"line":14,"column":13},"end":{"line":14,"column":14}},"loc":{"start":{"line":14,"column":22},"end":{"line":14,"column":84}},"line":14},"5":{"name":"(anonymous_5)","decl":{"start":{"line":21,"column":22},"end":{"line":21,"column":23}},"loc":{"start":{"line":22,"column":12},"end":{"line":28,"column":18}},"line":22}},"branchMap":{"0":{"loc":{"start":{"line":19,"column":7},"end":{"line":33,"column":7}},"type":"cond-expr","locations":[{"start":{"line":20,"column":8},"end":{"line":30,"column":14}},{"start":{"line":32,"column":8},"end":{"line":32,"column":43}}],"line":19},"1":{"loc":{"start":{"line":27,"column":15},"end":{"line":27,"column":79}},"type":"binary-expr","locations":[{"start":{"line":27,"column":15},"end":{"line":27,"column":42}},{"start":{"line":27,"column":46},"end":{"line":27,"column":79}}],"line":27}},"s":{"0":0,"1":0,"2":0,"3":0,"4":0,"5":0,"6":0,"7":0,"8":0,"9":0},"f":{"0":0,"1":0,"2":0,"3":0,"4":0,"5":0},"b":{"0":[0,0],"1":[0,0]},"all":true},"C:\\Users\\Josue GC\\Downloads\\PRY-SIGA\\SIGA-PWA\\SIGAfinal\\src\\CARGOS\\Admin\\tblacceso.jsx":{"path":"C:\\Users\\Josue GC\\Downloads\\PRY-SIGA\\SIGA-PWA\\SIGAfinal\\src\\CARGOS\\Admin\\tblacceso.jsx","statementMap":{"0":{"start":{"line":7,"column":20},"end":{"line":109,"column":1}},"1":{"start":{"line":8,"column":28},"end":{"line":8,"column":40}},"2":{"start":{"line":10,"column":2},"end":{"line":24,"column":9}},"3":{"start":{"line":13,"column":4},"end":{"line":23,"column":87}},"4":{"start":{"line":16,"column":24},"end":{"line":16,"column":39}},"5":{"start":{"line":18,"column":8},"end":{"line":18,"column":48}},"6":{"start":{"line":20,"column":29},"end":{"line":20,"column":82}},"7":{"start":{"line":20,"column":47},"end":{"line":20,"column":80}},"8":{"start":{"line":21,"column":8},"end":{"line":21,"column":31}},"9":{"start":{"line":23,"column":22},"end":{"line":23,"column":85}},"10":{"start":{"line":26,"column":33},"end":{"line":60,"column":3}},"11":{"start":{"line":27,"column":4},"end":{"line":59,"column":5}},"12":{"start":{"line":28,"column":25},"end":{"line":28,"column":52}},"13":{"start":{"line":29,"column":6},"end":{"line":29,"column":79}},"14":{"start":{"line":31,"column":25},"end":{"line":40,"column":8}},"15":{"start":{"line":42,"column":6},"end":{"line":42,"column":54}},"16":{"start":{"line":44,"column":6},"end":{"line":48,"column":7}},"17":{"start":{"line":45,"column":8},"end":{"line":45,"column":65}},"18":{"start":{"line":46,"column":8},"end":{"line":46,"column":70}},"19":{"start":{"line":47,"column":8},"end":{"line":47,"column":69}},"20":{"start":{"line":51,"column":6},"end":{"line":56,"column":10}},"21":{"start":{"line":51,"column":28},"end":{"line":56,"column":8}},"22":{"start":{"line":52,"column":8},"end":{"line":54,"column":9}},"23":{"start":{"line":53,"column":10},"end":{"line":53,"column":43}},"24":{"start":{"line":55,"column":8},"end":{"line":55,"column":17}},"25":{"start":{"line":58,"column":6},"end":{"line":58,"column":73}},"26":{"start":{"line":62,"column":2},"end":{"line":108,"column":4}},"27":{"start":{"line":80,"column":12},"end":{"line":103,"column":17}},"28":{"start":{"line":96,"column":36},"end":{"line":96,"column":64}}},"fnMap":{"0":{"name":"(anonymous_0)","decl":{"start":{"line":7,"column":20},"end":{"line":7,"column":21}},"loc":{"start":{"line":7,"column":26},"end":{"line":109,"column":1}},"line":7},"1":{"name":"(anonymous_1)","decl":{"start":{"line":10,"column":12},"end":{"line":10,"column":13}},"loc":{"start":{"line":10,"column":18},"end":{"line":24,"column":3}},"line":10},"2":{"name":"(anonymous_2)","decl":{"start":{"line":16,"column":12},"end":{"line":16,"column":13}},"loc":{"start":{"line":16,"column":24},"end":{"line":16,"column":39}},"line":16},"3":{"name":"(anonymous_3)","decl":{"start":{"line":17,"column":12},"end":{"line":17,"column":13}},"loc":{"start":{"line":17,"column":20},"end":{"line":22,"column":7}},"line":17},"4":{"name":"(anonymous_4)","decl":{"start":{"line":20,"column":38},"end":{"line":20,"column":39}},"loc":{"start":{"line":20,"column":47},"end":{"line":20,"column":80}},"line":20},"5":{"name":"(anonymous_5)","decl":{"start":{"line":23,"column":13},"end":{"line":23,"column":14}},"loc":{"start":{"line":23,"column":22},"end":{"line":23,"column":85}},"line":23},"6":{"name":"(anonymous_6)","decl":{"start":{"line":26,"column":33},"end":{"line":26,"column":34}},"loc":{"start":{"line":26,"column":49},"end":{"line":60,"column":3}},"line":26},"7":{"name":"(anonymous_7)","decl":{"start":{"line":51,"column":15},"end":{"line":51,"column":16}},"loc":{"start":{"line":51,"column":28},"end":{"line":56,"column":8}},"line":51},"8":{"name":"(anonymous_8)","decl":{"start":{"line":51,"column":42},"end":{"line":51,"column":43}},"loc":{"start":{"line":51,"column":47},"end":{"line":56,"column":7}},"line":51},"9":{"name":"(anonymous_9)","decl":{"start":{"line":79,"column":21},"end":{"line":79,"column":22}},"loc":{"start":{"line":80,"column":12},"end":{"line":103,"column":17}},"line":80},"10":{"name":"(anonymous_10)","decl":{"start":{"line":96,"column":30},"end":{"line":96,"column":31}},"loc":{"start":{"line":96,"column":36},"end":{"line":96,"column":64}},"line":96}},"branchMap":{"0":{"loc":{"start":{"line":28,"column":25},"end":{"line":28,"column":52}},"type":"cond-expr","locations":[{"start":{"line":28,"column":43},"end":{"line":28,"column":46}},{"start":{"line":28,"column":49},"end":{"line":28,"column":52}}],"line":28},"1":{"loc":{"start":{"line":44,"column":6},"end":{"line":48,"column":7}},"type":"if","locations":[{"start":{"line":44,"column":6},"end":{"line":48,"column":7}},{"start":{},"end":{}}],"line":44},"2":{"loc":{"start":{"line":52,"column":8},"end":{"line":54,"column":9}},"type":"if","locations":[{"start":{"line":52,"column":8},"end":{"line":54,"column":9}},{"start":{},"end":{}}],"line":52}},"s":{"0":0,"1":0,"2":0,"3":0,"4":0,"5":0,"6":0,"7":0,"8":0,"9":0,"10":0,"11":0,"12":0,"13":0,"14":0,"15":0,"16":0,"17":0,"18":0,"19":0,"20":0,"21":0,"22":0,"23":0,"24":0,"25":0,"26":0,"27":0,"28":0},"f":{"0":0,"1":0,"2":0,"3":0,"4":0,"5":0,"6":0,"7":0,"8":0,"9":0,"10":0},"b":{"0":[0,0],"1":[0,0],"2":[0,0]},"all":true},"C:\\Users\\Josue GC\\Downloads\\PRY-SIGA\\SIGA-PWA\\SIGAfinal\\src\\CARGOS\\Admin\\UserAcceso.jsx":{"path":"C:\\Users\\Josue GC\\Downloads\\PRY-SIGA\\SIGA-PWA\\SIGAfinal\\src\\CARGOS\\Admin\\UserAcceso.jsx","statementMap":{"0":{"start":{"line":8,"column":17},"end":{"line":18,"column":1}},"1":{"start":{"line":9,"column":2},"end":{"line":17,"column":4}}},"fnMap":{"0":{"name":"(anonymous_0)","decl":{"start":{"line":8,"column":17},"end":{"line":8,"column":18}},"loc":{"start":{"line":8,"column":23},"end":{"line":18,"column":1}},"line":8}},"branchMap":{},"s":{"0":0,"1":0},"f":{"0":0},"b":{},"all":true},"C:\\Users\\Josue GC\\Downloads\\PRY-SIGA\\SIGA-PWA\\SIGAfinal\\src\\CARGOS\\Administrativos\\AdvancedSearchModal.jsx":{"path":"C:\\Users\\Josue GC\\Downloads\\PRY-SIGA\\SIGA-PWA\\SIGAfinal\\src\\CARGOS\\Administrativos\\AdvancedSearchModal.jsx","statementMap":{"0":{"start":{"line":4,"column":28},"end":{"line":64,"column":1}},"1":{"start":{"line":5,"column":34},"end":{"line":5,"column":46}},"2":{"start":{"line":6,"column":28},"end":{"line":6,"column":40}},"3":{"start":{"line":7,"column":28},"end":{"line":7,"column":40}},"4":{"start":{"line":8,"column":24},"end":{"line":8,"column":36}},"5":{"start":{"line":9,"column":30},"end":{"line":9,"column":42}},"6":{"start":{"line":11,"column":23},"end":{"line":14,"column":3}},"7":{"start":{"line":12,"column":4},"end":{"line":12,"column":23}},"8":{"start":{"line":13,"column":4},"end":{"line":13,"column":54}},"9":{"start":{"line":16,"column":2},"end":{"line":63,"column":4}},"10":{"start":{"line":27,"column":65},"end":{"line":27,"column":90}},"11":{"start":{"line":29,"column":67},"end":{"line":29,"column":94}},"12":{"start":{"line":31,"column":53},"end":{"line":31,"column":77}},"13":{"start":{"line":34,"column":18},"end":{"line":36,"column":27}},"14":{"start":{"line":40,"column":53},"end":{"line":40,"column":77}},"15":{"start":{"line":43,"column":18},"end":{"line":45,"column":27}},"16":{"start":{"line":49,"column":51},"end":{"line":49,"column":73}},"17":{"start":{"line":52,"column":18},"end":{"line":54,"column":27}}},"fnMap":{"0":{"name":"(anonymous_0)","decl":{"start":{"line":4,"column":28},"end":{"line":4,"column":29}},"loc":{"start":{"line":4,"column":63},"end":{"line":64,"column":1}},"line":4},"1":{"name":"(anonymous_1)","decl":{"start":{"line":11,"column":23},"end":{"line":11,"column":24}},"loc":{"start":{"line":11,"column":30},"end":{"line":14,"column":3}},"line":11},"2":{"name":"(anonymous_2)","decl":{"start":{"line":27,"column":58},"end":{"line":27,"column":59}},"loc":{"start":{"line":27,"column":65},"end":{"line":27,"column":90}},"line":27},"3":{"name":"(anonymous_3)","decl":{"start":{"line":29,"column":60},"end":{"line":29,"column":61}},"loc":{"start":{"line":29,"column":67},"end":{"line":29,"column":94}},"line":29},"4":{"name":"(anonymous_4)","decl":{"start":{"line":31,"column":46},"end":{"line":31,"column":47}},"loc":{"start":{"line":31,"column":53},"end":{"line":31,"column":77}},"line":31},"5":{"name":"(anonymous_5)","decl":{"start":{"line":33,"column":31},"end":{"line":33,"column":32}},"loc":{"start":{"line":34,"column":18},"end":{"line":36,"column":27}},"line":34},"6":{"name":"(anonymous_6)","decl":{"start":{"line":40,"column":46},"end":{"line":40,"column":47}},"loc":{"start":{"line":40,"column":53},"end":{"line":40,"column":77}},"line":40},"7":{"name":"(anonymous_7)","decl":{"start":{"line":42,"column":77},"end":{"line":42,"column":78}},"loc":{"start":{"line":43,"column":18},"end":{"line":45,"column":27}},"line":43},"8":{"name":"(anonymous_8)","decl":{"start":{"line":49,"column":44},"end":{"line":49,"column":45}},"loc":{"start":{"line":49,"column":51},"end":{"line":49,"column":73}},"line":49},"9":{"name":"(anonymous_9)","decl":{"start":{"line":51,"column":61},"end":{"line":51,"column":62}},"loc":{"start":{"line":52,"column":18},"end":{"line":54,"column":27}},"line":52}},"branchMap":{"0":{"loc":{"start":{"line":17,"column":4},"end":{"line":62,"column":5}},"type":"binary-expr","locations":[{"start":{"line":17,"column":4},"end":{"line":17,"column":10}},{"start":{"line":18,"column":6},"end":{"line":61,"column":12}}],"line":17}},"s":{"0":0,"1":0,"2":0,"3":0,"4":0,"5":0,"6":0,"7":0,"8":0,"9":0,"10":0,"11":0,"12":0,"13":0,"14":0,"15":0,"16":0,"17":0},"f":{"0":0,"1":0,"2":0,"3":0,"4":0,"5":0,"6":0,"7":0,"8":0,"9":0},"b":{"0":[0,0]},"all":true},"C:\\Users\\Josue GC\\Downloads\\PRY-SIGA\\SIGA-PWA\\SIGAfinal\\src\\CARGOS\\Administrativos\\AlumnosAdmi.jsx":{"path":"C:\\Users\\Josue GC\\Downloads\\PRY-SIGA\\SIGA-PWA\\SIGAfinal\\src\\CARGOS\\Administrativos\\AlumnosAdmi.jsx","statementMap":{"0":{"start":{"line":4,"column":20},"end":{"line":77,"column":1}},"1":{"start":{"line":5,"column":32},"end":{"line":5,"column":46}},"2":{"start":{"line":6,"column":38},"end":{"line":6,"column":50}},"3":{"start":{"line":7,"column":40},"end":{"line":7,"column":52}},"4":{"start":{"line":9,"column":2},"end":{"line":18,"column":9}},"5":{"start":{"line":11,"column":4},"end":{"line":17,"column":90}},"6":{"start":{"line":12,"column":24},"end":{"line":12,"column":39}},"7":{"start":{"line":14,"column":8},"end":{"line":14,"column":51}},"8":{"start":{"line":15,"column":8},"end":{"line":15,"column":25}},"9":{"start":{"line":17,"column":22},"end":{"line":17,"column":88}},"10":{"start":{"line":20,"column":23},"end":{"line":33,"column":3}},"11":{"start":{"line":22,"column":21},"end":{"line":30,"column":6}},"12":{"start":{"line":23,"column":6},"end":{"line":29,"column":7}},"13":{"start":{"line":24,"column":8},"end":{"line":24,"column":79}},"14":{"start":{"line":25,"column":13},"end":{"line":29,"column":7}},"15":{"start":{"line":26,"column":8},"end":{"line":26,"column":89}},"16":{"start":{"line":28,"column":8},"end":{"line":28,"column":20}},"17":{"start":{"line":32,"column":4},"end":{"line":32,"column":25}},"18":{"start":{"line":35,"column":2},"end":{"line":76,"column":4}},"19":{"start":{"line":43,"column":27},"end":{"line":43,"column":56}},"20":{"start":{"line":47,"column":27},"end":{"line":47,"column":57}},"21":{"start":{"line":65,"column":14},"end":{"line":68,"column":19}}},"fnMap":{"0":{"name":"(anonymous_0)","decl":{"start":{"line":4,"column":20},"end":{"line":4,"column":21}},"loc":{"start":{"line":4,"column":26},"end":{"line":77,"column":1}},"line":4},"1":{"name":"(anonymous_1)","decl":{"start":{"line":9,"column":12},"end":{"line":9,"column":13}},"loc":{"start":{"line":9,"column":18},"end":{"line":18,"column":3}},"line":9},"2":{"name":"(anonymous_2)","decl":{"start":{"line":12,"column":12},"end":{"line":12,"column":13}},"loc":{"start":{"line":12,"column":24},"end":{"line":12,"column":39}},"line":12},"3":{"name":"(anonymous_3)","decl":{"start":{"line":13,"column":12},"end":{"line":13,"column":13}},"loc":{"start":{"line":13,"column":20},"end":{"line":16,"column":7}},"line":13},"4":{"name":"(anonymous_4)","decl":{"start":{"line":17,"column":13},"end":{"line":17,"column":14}},"loc":{"start":{"line":17,"column":22},"end":{"line":17,"column":88}},"line":17},"5":{"name":"(anonymous_5)","decl":{"start":{"line":20,"column":23},"end":{"line":20,"column":24}},"loc":{"start":{"line":20,"column":29},"end":{"line":33,"column":3}},"line":20},"6":{"name":"(anonymous_6)","decl":{"start":{"line":22,"column":36},"end":{"line":22,"column":37}},"loc":{"start":{"line":22,"column":46},"end":{"line":30,"column":5}},"line":22},"7":{"name":"(anonymous_7)","decl":{"start":{"line":43,"column":20},"end":{"line":43,"column":21}},"loc":{"start":{"line":43,"column":27},"end":{"line":43,"column":56}},"line":43},"8":{"name":"(anonymous_8)","decl":{"start":{"line":47,"column":20},"end":{"line":47,"column":21}},"loc":{"start":{"line":47,"column":27},"end":{"line":47,"column":57}},"line":47},"9":{"name":"(anonymous_9)","decl":{"start":{"line":64,"column":25},"end":{"line":64,"column":26}},"loc":{"start":{"line":65,"column":14},"end":{"line":68,"column":19}},"line":65}},"branchMap":{"0":{"loc":{"start":{"line":23,"column":6},"end":{"line":29,"column":7}},"type":"if","locations":[{"start":{"line":23,"column":6},"end":{"line":29,"column":7}},{"start":{"line":25,"column":13},"end":{"line":29,"column":7}}],"line":23},"1":{"loc":{"start":{"line":25,"column":13},"end":{"line":29,"column":7}},"type":"if","locations":[{"start":{"line":25,"column":13},"end":{"line":29,"column":7}},{"start":{"line":27,"column":13},"end":{"line":29,"column":7}}],"line":25},"2":{"loc":{"start":{"line":55,"column":7},"end":{"line":74,"column":7}},"type":"cond-expr","locations":[{"start":{"line":56,"column":8},"end":{"line":71,"column":16}},{"start":{"line":73,"column":8},"end":{"line":73,"column":47}}],"line":55}},"s":{"0":0,"1":0,"2":0,"3":0,"4":0,"5":0,"6":0,"7":0,"8":0,"9":0,"10":0,"11":0,"12":0,"13":0,"14":0,"15":0,"16":0,"17":0,"18":0,"19":0,"20":0,"21":0},"f":{"0":0,"1":0,"2":0,"3":0,"4":0,"5":0,"6":0,"7":0,"8":0,"9":0},"b":{"0":[0,0],"1":[0,0],"2":[0,0]},"all":true},"C:\\Users\\Josue GC\\Downloads\\PRY-SIGA\\SIGA-PWA\\SIGAfinal\\src\\CARGOS\\Administrativos\\BitacorasAds.jsx":{"path":"C:\\Users\\Josue GC\\Downloads\\PRY-SIGA\\SIGA-PWA\\SIGAfinal\\src\\CARGOS\\Administrativos\\BitacorasAds.jsx","statementMap":{"0":{"start":{"line":9,"column":18},"end":{"line":21,"column":1}},"1":{"start":{"line":11,"column":4},"end":{"line":20,"column":4}}},"fnMap":{"0":{"name":"(anonymous_0)","decl":{"start":{"line":9,"column":18},"end":{"line":9,"column":19}},"loc":{"start":{"line":10,"column":0},"end":{"line":21,"column":1}},"line":10}},"branchMap":{},"s":{"0":0,"1":0},"f":{"0":0},"b":{},"all":true},"C:\\Users\\Josue GC\\Downloads\\PRY-SIGA\\SIGA-PWA\\SIGAfinal\\src\\CARGOS\\Administrativos\\BoletinAds.jsx":{"path":"C:\\Users\\Josue GC\\Downloads\\PRY-SIGA\\SIGA-PWA\\SIGAfinal\\src\\CARGOS\\Administrativos\\BoletinAds.jsx","statementMap":{"0":{"start":{"line":10,"column":18},"end":{"line":21,"column":1}},"1":{"start":{"line":12,"column":4},"end":{"line":20,"column":4}}},"fnMap":{"0":{"name":"(anonymous_0)","decl":{"start":{"line":10,"column":18},"end":{"line":10,"column":19}},"loc":{"start":{"line":11,"column":0},"end":{"line":21,"column":1}},"line":11}},"branchMap":{},"s":{"0":0,"1":0},"f":{"0":0},"b":{},"all":true},"C:\\Users\\Josue GC\\Downloads\\PRY-SIGA\\SIGA-PWA\\SIGAfinal\\src\\CARGOS\\Administrativos\\CargaAlumnosAdm.jsx":{"path":"C:\\Users\\Josue GC\\Downloads\\PRY-SIGA\\SIGA-PWA\\SIGAfinal\\src\\CARGOS\\Administrativos\\CargaAlumnosAdm.jsx","statementMap":{"0":{"start":{"line":9,"column":21},"end":{"line":103,"column":1}},"1":{"start":{"line":10,"column":17},"end":{"line":10,"column":31}},"2":{"start":{"line":11,"column":34},"end":{"line":11,"column":46}},"3":{"start":{"line":12,"column":48},"end":{"line":12,"column":63}},"4":{"start":{"line":14,"column":19},"end":{"line":54,"column":3}},"5":{"start":{"line":15,"column":4},"end":{"line":18,"column":5}},"6":{"start":{"line":16,"column":6},"end":{"line":16,"column":62}},"7":{"start":{"line":17,"column":6},"end":{"line":17,"column":13}},"8":{"start":{"line":20,"column":17},"end":{"line":20,"column":28}},"9":{"start":{"line":21,"column":20},"end":{"line":21,"column":101}},"10":{"start":{"line":22,"column":4},"end":{"line":25,"column":5}},"11":{"start":{"line":23,"column":6},"end":{"line":23,"column":69}},"12":{"start":{"line":24,"column":6},"end":{"line":24,"column":13}},"13":{"start":{"line":27,"column":21},"end":{"line":27,"column":35}},"14":{"start":{"line":28,"column":4},"end":{"line":28,"column":34}},"15":{"start":{"line":30,"column":4},"end":{"line":53,"column":5}},"16":{"start":{"line":31,"column":23},"end":{"line":34,"column":8}},"17":{"start":{"line":35,"column":6},"end":{"line":35,"column":41}},"18":{"start":{"line":37,"column":19},"end":{"line":37,"column":40}},"19":{"start":{"line":40,"column":6},"end":{"line":49,"column":7}},"20":{"start":{"line":41,"column":8},"end":{"line":41,"column":107}},"21":{"start":{"line":42,"column":8},"end":{"line":42,"column":27}},"22":{"start":{"line":43,"column":8},"end":{"line":43,"column":24}},"23":{"start":{"line":44,"column":8},"end":{"line":44,"column":33}},"24":{"start":{"line":46,"column":8},"end":{"line":46,"column":36}},"25":{"start":{"line":47,"column":8},"end":{"line":47,"column":35}},"26":{"start":{"line":51,"column":6},"end":{"line":51,"column":62}},"27":{"start":{"line":52,"column":6},"end":{"line":52,"column":55}},"28":{"start":{"line":56,"column":25},"end":{"line":58,"column":3}},"29":{"start":{"line":57,"column":4},"end":{"line":57,"column":38}},"30":{"start":{"line":60,"column":23},"end":{"line":64,"column":3}},"31":{"start":{"line":62,"column":4},"end":{"line":62,"column":24}},"32":{"start":{"line":63,"column":4},"end":{"line":63,"column":17}},"33":{"start":{"line":66,"column":2},"end":{"line":102,"column":4}}},"fnMap":{"0":{"name":"(anonymous_0)","decl":{"start":{"line":9,"column":21},"end":{"line":9,"column":22}},"loc":{"start":{"line":9,"column":27},"end":{"line":103,"column":1}},"line":9},"1":{"name":"(anonymous_1)","decl":{"start":{"line":14,"column":19},"end":{"line":14,"column":20}},"loc":{"start":{"line":14,"column":31},"end":{"line":54,"column":3}},"line":14},"2":{"name":"(anonymous_2)","decl":{"start":{"line":56,"column":25},"end":{"line":56,"column":26}},"loc":{"start":{"line":56,"column":40},"end":{"line":58,"column":3}},"line":56},"3":{"name":"(anonymous_3)","decl":{"start":{"line":60,"column":23},"end":{"line":60,"column":24}},"loc":{"start":{"line":60,"column":33},"end":{"line":64,"column":3}},"line":60}},"branchMap":{"0":{"loc":{"start":{"line":15,"column":4},"end":{"line":18,"column":5}},"type":"if","locations":[{"start":{"line":15,"column":4},"end":{"line":18,"column":5}},{"start":{},"end":{}}],"line":15},"1":{"loc":{"start":{"line":22,"column":4},"end":{"line":25,"column":5}},"type":"if","locations":[{"start":{"line":22,"column":4},"end":{"line":25,"column":5}},{"start":{},"end":{}}],"line":22},"2":{"loc":{"start":{"line":40,"column":6},"end":{"line":49,"column":7}},"type":"if","locations":[{"start":{"line":40,"column":6},"end":{"line":49,"column":7}},{"start":{"line":45,"column":13},"end":{"line":49,"column":7}}],"line":40},"3":{"loc":{"start":{"line":78,"column":7},"end":{"line":80,"column":7}},"type":"binary-expr","locations":[{"start":{"line":78,"column":7},"end":{"line":78,"column":22}},{"start":{"line":79,"column":8},"end":{"line":79,"column":81}}],"line":78}},"s":{"0":0,"1":0,"2":0,"3":0,"4":0,"5":0,"6":0,"7":0,"8":0,"9":0,"10":0,"11":0,"12":0,"13":0,"14":0,"15":0,"16":0,"17":0,"18":0,"19":0,"20":0,"21":0,"22":0,"23":0,"24":0,"25":0,"26":0,"27":0,"28":0,"29":0,"30":0,"31":0,"32":0,"33":0},"f":{"0":0,"1":0,"2":0,"3":0},"b":{"0":[0,0],"1":[0,0],"2":[0,0],"3":[0,0]},"all":true},"C:\\Users\\Josue GC\\Downloads\\PRY-SIGA\\SIGA-PWA\\SIGAfinal\\src\\CARGOS\\Administrativos\\DiarioEventAdm.jsx":{"path":"C:\\Users\\Josue GC\\Downloads\\PRY-SIGA\\SIGA-PWA\\SIGAfinal\\src\\CARGOS\\Administrativos\\DiarioEventAdm.jsx","statementMap":{"0":{"start":{"line":9,"column":18},"end":{"line":167,"column":1}},"1":{"start":{"line":10,"column":46},"end":{"line":16,"column":4}},"2":{"start":{"line":17,"column":46},"end":{"line":17,"column":58}},"3":{"start":{"line":18,"column":34},"end":{"line":18,"column":46}},"4":{"start":{"line":19,"column":50},"end":{"line":19,"column":65}},"5":{"start":{"line":20,"column":19},"end":{"line":20,"column":32}},"6":{"start":{"line":22,"column":2},"end":{"line":28,"column":9}},"7":{"start":{"line":23,"column":23},"end":{"line":23,"column":63}},"8":{"start":{"line":24,"column":4},"end":{"line":27,"column":5}},"9":{"start":{"line":25,"column":6},"end":{"line":25,"column":40}},"10":{"start":{"line":26,"column":6},"end":{"line":26,"column":63}},"11":{"start":{"line":30,"column":23},"end":{"line":36,"column":3}},"12":{"start":{"line":31,"column":28},"end":{"line":31,"column":36}},"13":{"start":{"line":32,"column":4},"end":{"line":35,"column":8}},"14":{"start":{"line":32,"column":36},"end":{"line":35,"column":5}},"15":{"start":{"line":38,"column":27},"end":{"line":64,"column":3}},"16":{"start":{"line":39,"column":4},"end":{"line":41,"column":5}},"17":{"start":{"line":40,"column":6},"end":{"line":40,"column":13}},"18":{"start":{"line":43,"column":4},"end":{"line":63,"column":78}},"19":{"start":{"line":50,"column":22},"end":{"line":50,"column":37}},"20":{"start":{"line":52,"column":6},"end":{"line":52,"column":51}},"21":{"start":{"line":53,"column":6},"end":{"line":59,"column":9}},"22":{"start":{"line":60,"column":6},"end":{"line":60,"column":54}},"23":{"start":{"line":61,"column":6},"end":{"line":61,"column":33}},"24":{"start":{"line":63,"column":20},"end":{"line":63,"column":76}},"25":{"start":{"line":66,"column":23},"end":{"line":73,"column":3}},"26":{"start":{"line":67,"column":62},"end":{"line":67,"column":76}},"27":{"start":{"line":68,"column":4},"end":{"line":71,"column":5}},"28":{"start":{"line":69,"column":6},"end":{"line":69,"column":75}},"29":{"start":{"line":70,"column":6},"end":{"line":70,"column":19}},"30":{"start":{"line":72,"column":4},"end":{"line":72,"column":16}},"31":{"start":{"line":75,"column":23},"end":{"line":80,"column":3}},"32":{"start":{"line":76,"column":4},"end":{"line":78,"column":5}},"33":{"start":{"line":77,"column":6},"end":{"line":77,"column":13}},"34":{"start":{"line":79,"column":4},"end":{"line":79,"column":30}},"35":{"start":{"line":82,"column":23},"end":{"line":84,"column":3}},"36":{"start":{"line":83,"column":4},"end":{"line":83,"column":31}},"37":{"start":{"line":86,"column":25},"end":{"line":88,"column":3}},"38":{"start":{"line":87,"column":4},"end":{"line":87,"column":20}},"39":{"start":{"line":90,"column":2},"end":{"line":166,"column":4}},"40":{"start":{"line":99,"column":61},"end":{"line":99,"column":90}},"41":{"start":{"line":103,"column":61},"end":{"line":103,"column":92}}},"fnMap":{"0":{"name":"(anonymous_0)","decl":{"start":{"line":9,"column":18},"end":{"line":9,"column":19}},"loc":{"start":{"line":9,"column":24},"end":{"line":167,"column":1}},"line":9},"1":{"name":"(anonymous_1)","decl":{"start":{"line":22,"column":12},"end":{"line":22,"column":13}},"loc":{"start":{"line":22,"column":18},"end":{"line":28,"column":3}},"line":22},"2":{"name":"(anonymous_2)","decl":{"start":{"line":30,"column":23},"end":{"line":30,"column":24}},"loc":{"start":{"line":30,"column":30},"end":{"line":36,"column":3}},"line":30},"3":{"name":"(anonymous_3)","decl":{"start":{"line":32,"column":22},"end":{"line":32,"column":23}},"loc":{"start":{"line":32,"column":36},"end":{"line":35,"column":5}},"line":32},"4":{"name":"(anonymous_4)","decl":{"start":{"line":38,"column":27},"end":{"line":38,"column":28}},"loc":{"start":{"line":38,"column":33},"end":{"line":64,"column":3}},"line":38},"5":{"name":"(anonymous_5)","decl":{"start":{"line":50,"column":10},"end":{"line":50,"column":11}},"loc":{"start":{"line":50,"column":22},"end":{"line":50,"column":37}},"line":50},"6":{"name":"(anonymous_6)","decl":{"start":{"line":51,"column":10},"end":{"line":51,"column":11}},"loc":{"start":{"line":51,"column":18},"end":{"line":62,"column":5}},"line":51},"7":{"name":"(anonymous_7)","decl":{"start":{"line":63,"column":11},"end":{"line":63,"column":12}},"loc":{"start":{"line":63,"column":20},"end":{"line":63,"column":76}},"line":63},"8":{"name":"(anonymous_8)","decl":{"start":{"line":66,"column":23},"end":{"line":66,"column":24}},"loc":{"start":{"line":66,"column":29},"end":{"line":73,"column":3}},"line":66},"9":{"name":"(anonymous_9)","decl":{"start":{"line":75,"column":23},"end":{"line":75,"column":24}},"loc":{"start":{"line":75,"column":29},"end":{"line":80,"column":3}},"line":75},"10":{"name":"(anonymous_10)","decl":{"start":{"line":82,"column":23},"end":{"line":82,"column":24}},"loc":{"start":{"line":82,"column":29},"end":{"line":84,"column":3}},"line":82},"11":{"name":"(anonymous_11)","decl":{"start":{"line":86,"column":25},"end":{"line":86,"column":26}},"loc":{"start":{"line":86,"column":36},"end":{"line":88,"column":3}},"line":86},"12":{"name":"(anonymous_12)","decl":{"start":{"line":99,"column":55},"end":{"line":99,"column":56}},"loc":{"start":{"line":99,"column":61},"end":{"line":99,"column":90}},"line":99},"13":{"name":"(anonymous_13)","decl":{"start":{"line":103,"column":55},"end":{"line":103,"column":56}},"loc":{"start":{"line":103,"column":61},"end":{"line":103,"column":92}},"line":103}},"branchMap":{"0":{"loc":{"start":{"line":24,"column":4},"end":{"line":27,"column":5}},"type":"if","locations":[{"start":{"line":24,"column":4},"end":{"line":27,"column":5}},{"start":{},"end":{}}],"line":24},"1":{"loc":{"start":{"line":24,"column":8},"end":{"line":24,"column":59}},"type":"binary-expr","locations":[{"start":{"line":24,"column":8},"end":{"line":24,"column":18}},{"start":{"line":24,"column":22},"end":{"line":24,"column":35}},{"start":{"line":24,"column":39},"end":{"line":24,"column":59}}],"line":24},"2":{"loc":{"start":{"line":39,"column":4},"end":{"line":41,"column":5}},"type":"if","locations":[{"start":{"line":39,"column":4},"end":{"line":41,"column":5}},{"start":{},"end":{}}],"line":39},"3":{"loc":{"start":{"line":68,"column":4},"end":{"line":71,"column":5}},"type":"if","locations":[{"start":{"line":68,"column":4},"end":{"line":71,"column":5}},{"start":{},"end":{}}],"line":68},"4":{"loc":{"start":{"line":68,"column":8},"end":{"line":68,"column":66}},"type":"binary-expr","locations":[{"start":{"line":68,"column":8},"end":{"line":68,"column":19}},{"start":{"line":68,"column":23},"end":{"line":68,"column":30}},{"start":{"line":68,"column":34},"end":{"line":68,"column":40}},{"start":{"line":68,"column":44},"end":{"line":68,"column":56}},{"start":{"line":68,"column":60},"end":{"line":68,"column":66}}],"line":68},"5":{"loc":{"start":{"line":76,"column":4},"end":{"line":78,"column":5}},"type":"if","locations":[{"start":{"line":76,"column":4},"end":{"line":78,"column":5}},{"start":{},"end":{}}],"line":76},"6":{"loc":{"start":{"line":154,"column":11},"end":{"line":154,"column":79}},"type":"binary-expr","locations":[{"start":{"line":154,"column":11},"end":{"line":154,"column":25}},{"start":{"line":154,"column":29},"end":{"line":154,"column":79}}],"line":154},"7":{"loc":{"start":{"line":156,"column":9},"end":{"line":163,"column":9}},"type":"binary-expr","locations":[{"start":{"line":156,"column":9},"end":{"line":156,"column":25}},{"start":{"line":157,"column":10},"end":{"line":162,"column":16}}],"line":156}},"s":{"0":0,"1":0,"2":0,"3":0,"4":0,"5":0,"6":0,"7":0,"8":0,"9":0,"10":0,"11":0,"12":0,"13":0,"14":0,"15":0,"16":0,"17":0,"18":0,"19":0,"20":0,"21":0,"22":0,"23":0,"24":0,"25":0,"26":0,"27":0,"28":0,"29":0,"30":0,"31":0,"32":0,"33":0,"34":0,"35":0,"36":0,"37":0,"38":0,"39":0,"40":0,"41":0},"f":{"0":0,"1":0,"2":0,"3":0,"4":0,"5":0,"6":0,"7":0,"8":0,"9":0,"10":0,"11":0,"12":0,"13":0},"b":{"0":[0,0],"1":[0,0,0],"2":[0,0],"3":[0,0],"4":[0,0,0,0,0],"5":[0,0],"6":[0,0],"7":[0,0]},"all":true},"C:\\Users\\Josue GC\\Downloads\\PRY-SIGA\\SIGA-PWA\\SIGAfinal\\src\\CARGOS\\Administrativos\\ExpedientesDocV.jsx":{"path":"C:\\Users\\Josue GC\\Downloads\\PRY-SIGA\\SIGA-PWA\\SIGAfinal\\src\\CARGOS\\Administrativos\\ExpedientesDocV.jsx","statementMap":{"0":{"start":{"line":10,"column":20},"end":{"line":107,"column":1}},"1":{"start":{"line":11,"column":40},"end":{"line":11,"column":52}},"2":{"start":{"line":12,"column":56},"end":{"line":12,"column":68}},"3":{"start":{"line":13,"column":36},"end":{"line":13,"column":51}},"4":{"start":{"line":15,"column":27},"end":{"line":23,"column":3}},"5":{"start":{"line":16,"column":4},"end":{"line":22,"column":93}},"6":{"start":{"line":17,"column":24},"end":{"line":17,"column":39}},"7":{"start":{"line":19,"column":8},"end":{"line":19,"column":29}},"8":{"start":{"line":20,"column":8},"end":{"line":20,"column":37}},"9":{"start":{"line":22,"column":22},"end":{"line":22,"column":91}},"10":{"start":{"line":25,"column":2},"end":{"line":27,"column":9}},"11":{"start":{"line":26,"column":4},"end":{"line":26,"column":23}},"12":{"start":{"line":29,"column":35},"end":{"line":31,"column":3}},"13":{"start":{"line":30,"column":4},"end":{"line":30,"column":23}},"14":{"start":{"line":33,"column":27},"end":{"line":35,"column":3}},"15":{"start":{"line":34,"column":4},"end":{"line":34,"column":24}},"16":{"start":{"line":37,"column":37},"end":{"line":49,"column":3}},"17":{"start":{"line":38,"column":21},"end":{"line":46,"column":6}},"18":{"start":{"line":39,"column":6},"end":{"line":45,"column":8}},"19":{"start":{"line":47,"column":4},"end":{"line":47,"column":37}},"20":{"start":{"line":48,"column":4},"end":{"line":48,"column":23}},"21":{"start":{"line":51,"column":24},"end":{"line":53,"column":3}},"22":{"start":{"line":52,"column":4},"end":{"line":52,"column":23}},"23":{"start":{"line":55,"column":2},"end":{"line":106,"column":4}},"24":{"start":{"line":85,"column":12},"end":{"line":101,"column":17}}},"fnMap":{"0":{"name":"(anonymous_0)","decl":{"start":{"line":10,"column":20},"end":{"line":10,"column":21}},"loc":{"start":{"line":10,"column":26},"end":{"line":107,"column":1}},"line":10},"1":{"name":"(anonymous_1)","decl":{"start":{"line":15,"column":27},"end":{"line":15,"column":28}},"loc":{"start":{"line":15,"column":33},"end":{"line":23,"column":3}},"line":15},"2":{"name":"(anonymous_2)","decl":{"start":{"line":17,"column":12},"end":{"line":17,"column":13}},"loc":{"start":{"line":17,"column":24},"end":{"line":17,"column":39}},"line":17},"3":{"name":"(anonymous_3)","decl":{"start":{"line":18,"column":12},"end":{"line":18,"column":13}},"loc":{"start":{"line":18,"column":20},"end":{"line":21,"column":7}},"line":18},"4":{"name":"(anonymous_4)","decl":{"start":{"line":22,"column":13},"end":{"line":22,"column":14}},"loc":{"start":{"line":22,"column":22},"end":{"line":22,"column":91}},"line":22},"5":{"name":"(anonymous_5)","decl":{"start":{"line":25,"column":12},"end":{"line":25,"column":13}},"loc":{"start":{"line":25,"column":18},"end":{"line":27,"column":3}},"line":25},"6":{"name":"(anonymous_6)","decl":{"start":{"line":29,"column":35},"end":{"line":29,"column":36}},"loc":{"start":{"line":29,"column":41},"end":{"line":31,"column":3}},"line":29},"7":{"name":"(anonymous_7)","decl":{"start":{"line":33,"column":27},"end":{"line":33,"column":28}},"loc":{"start":{"line":33,"column":33},"end":{"line":35,"column":3}},"line":33},"8":{"name":"(anonymous_8)","decl":{"start":{"line":37,"column":37},"end":{"line":37,"column":38}},"loc":{"start":{"line":37,"column":82},"end":{"line":49,"column":3}},"line":37},"9":{"name":"(anonymous_9)","decl":{"start":{"line":38,"column":40},"end":{"line":38,"column":41}},"loc":{"start":{"line":38,"column":54},"end":{"line":46,"column":5}},"line":38},"10":{"name":"(anonymous_10)","decl":{"start":{"line":51,"column":24},"end":{"line":51,"column":25}},"loc":{"start":{"line":51,"column":30},"end":{"line":53,"column":3}},"line":51},"11":{"name":"(anonymous_11)","decl":{"start":{"line":84,"column":35},"end":{"line":84,"column":36}},"loc":{"start":{"line":85,"column":12},"end":{"line":101,"column":17}},"line":85}},"branchMap":{"0":{"loc":{"start":{"line":40,"column":8},"end":{"line":44,"column":53}},"type":"binary-expr","locations":[{"start":{"line":40,"column":9},"end":{"line":40,"column":16}},{"start":{"line":40,"column":20},"end":{"line":40,"column":82}},{"start":{"line":41,"column":9},"end":{"line":41,"column":18}},{"start":{"line":41,"column":22},"end":{"line":41,"column":60}},{"start":{"line":42,"column":9},"end":{"line":42,"column":15}},{"start":{"line":42,"column":19},"end":{"line":42,"column":51}},{"start":{"line":43,"column":9},"end":{"line":43,"column":15}},{"start":{"line":43,"column":19},"end":{"line":43,"column":51}},{"start":{"line":44,"column":9},"end":{"line":44,"column":13}},{"start":{"line":44,"column":17},"end":{"line":44,"column":52}}],"line":40},"1":{"loc":{"start":{"line":68,"column":7},"end":{"line":68,"column":80}},"type":"binary-expr","locations":[{"start":{"line":68,"column":7},"end":{"line":68,"column":39}},{"start":{"line":68,"column":43},"end":{"line":68,"column":80}}],"line":68}},"s":{"0":0,"1":0,"2":0,"3":0,"4":0,"5":0,"6":0,"7":0,"8":0,"9":0,"10":0,"11":0,"12":0,"13":0,"14":0,"15":0,"16":0,"17":0,"18":0,"19":0,"20":0,"21":0,"22":0,"23":0,"24":0},"f":{"0":0,"1":0,"2":0,"3":0,"4":0,"5":0,"6":0,"7":0,"8":0,"9":0,"10":0,"11":0},"b":{"0":[0,0,0,0,0,0,0,0,0,0],"1":[0,0]},"all":true},"C:\\Users\\Josue GC\\Downloads\\PRY-SIGA\\SIGA-PWA\\SIGAfinal\\src\\CARGOS\\Administrativos\\HeaderAdmi.jsx":{"path":"C:\\Users\\Josue GC\\Downloads\\PRY-SIGA\\SIGA-PWA\\SIGAfinal\\src\\CARGOS\\Administrativos\\HeaderAdmi.jsx","statementMap":{"0":{"start":{"line":5,"column":15},"end":{"line":32,"column":1}},"1":{"start":{"line":6,"column":2},"end":{"line":31,"column":4}}},"fnMap":{"0":{"name":"(anonymous_0)","decl":{"start":{"line":5,"column":15},"end":{"line":5,"column":16}},"loc":{"start":{"line":5,"column":21},"end":{"line":32,"column":1}},"line":5}},"branchMap":{},"s":{"0":0,"1":0},"f":{"0":0},"b":{},"all":true},"C:\\Users\\Josue GC\\Downloads\\PRY-SIGA\\SIGA-PWA\\SIGAfinal\\src\\CARGOS\\Administrativos\\MenuAdmi.jsx":{"path":"C:\\Users\\Josue GC\\Downloads\\PRY-SIGA\\SIGA-PWA\\SIGAfinal\\src\\CARGOS\\Administrativos\\MenuAdmi.jsx","statementMap":{"0":{"start":{"line":6,"column":15},"end":{"line":18,"column":1}},"1":{"start":{"line":7,"column":2},"end":{"line":17,"column":4}}},"fnMap":{"0":{"name":"(anonymous_0)","decl":{"start":{"line":6,"column":15},"end":{"line":6,"column":16}},"loc":{"start":{"line":6,"column":21},"end":{"line":18,"column":1}},"line":6}},"branchMap":{},"s":{"0":0,"1":0},"f":{"0":0},"b":{},"all":true},"C:\\Users\\Josue GC\\Downloads\\PRY-SIGA\\SIGA-PWA\\SIGAfinal\\src\\CARGOS\\Administrativos\\sesionAdministrativo.jsx":{"path":"C:\\Users\\Josue GC\\Downloads\\PRY-SIGA\\SIGA-PWA\\SIGAfinal\\src\\CARGOS\\Administrativos\\sesionAdministrativo.jsx","statementMap":{"0":{"start":{"line":10,"column":20},"end":{"line":41,"column":1}},"1":{"start":{"line":11,"column":46},"end":{"line":11,"column":58}},"2":{"start":{"line":13,"column":2},"end":{"line":18,"column":9}},"3":{"start":{"line":14,"column":23},"end":{"line":14,"column":63}},"4":{"start":{"line":15,"column":4},"end":{"line":17,"column":5}},"5":{"start":{"line":16,"column":6},"end":{"line":16,"column":36}},"6":{"start":{"line":20,"column":2},"end":{"line":40,"column":4}}},"fnMap":{"0":{"name":"(anonymous_0)","decl":{"start":{"line":10,"column":20},"end":{"line":10,"column":21}},"loc":{"start":{"line":10,"column":26},"end":{"line":41,"column":1}},"line":10},"1":{"name":"(anonymous_1)","decl":{"start":{"line":13,"column":12},"end":{"line":13,"column":13}},"loc":{"start":{"line":13,"column":18},"end":{"line":18,"column":3}},"line":13}},"branchMap":{"0":{"loc":{"start":{"line":15,"column":4},"end":{"line":17,"column":5}},"type":"if","locations":[{"start":{"line":15,"column":4},"end":{"line":17,"column":5}},{"start":{},"end":{}}],"line":15}},"s":{"0":0,"1":0,"2":0,"3":0,"4":0,"5":0,"6":0},"f":{"0":0,"1":0},"b":{"0":[0,0]},"all":true},"C:\\Users\\Josue GC\\Downloads\\PRY-SIGA\\SIGA-PWA\\SIGAfinal\\src\\CARGOS\\Administrativos\\TablaAlmAdmi.jsx":{"path":"C:\\Users\\Josue GC\\Downloads\\PRY-SIGA\\SIGA-PWA\\SIGAfinal\\src\\CARGOS\\Administrativos\\TablaAlmAdmi.jsx","statementMap":{"0":{"start":{"line":6,"column":17},"end":{"line":16,"column":1}},"1":{"start":{"line":7,"column":2},"end":{"line":15,"column":4}}},"fnMap":{"0":{"name":"(anonymous_0)","decl":{"start":{"line":6,"column":17},"end":{"line":6,"column":18}},"loc":{"start":{"line":6,"column":23},"end":{"line":16,"column":1}},"line":6}},"branchMap":{},"s":{"0":0,"1":0},"f":{"0":0},"b":{},"all":true},"C:\\Users\\Josue GC\\Downloads\\PRY-SIGA\\SIGA-PWA\\SIGAfinal\\src\\CARGOS\\Administrativos\\TablaExpAdmi.jsx":{"path":"C:\\Users\\Josue GC\\Downloads\\PRY-SIGA\\SIGA-PWA\\SIGAfinal\\src\\CARGOS\\Administrativos\\TablaExpAdmi.jsx","statementMap":{"0":{"start":{"line":8,"column":17},"end":{"line":29,"column":1}},"1":{"start":{"line":9,"column":2},"end":{"line":28,"column":4}}},"fnMap":{"0":{"name":"(anonymous_0)","decl":{"start":{"line":8,"column":17},"end":{"line":8,"column":18}},"loc":{"start":{"line":8,"column":23},"end":{"line":29,"column":1}},"line":8}},"branchMap":{},"s":{"0":0,"1":0},"f":{"0":0},"b":{},"all":true},"C:\\Users\\Josue GC\\Downloads\\PRY-SIGA\\SIGA-PWA\\SIGAfinal\\src\\CARGOS\\Administrativos\\TBL\\tblbitacora.jsx":{"path":"C:\\Users\\Josue GC\\Downloads\\PRY-SIGA\\SIGA-PWA\\SIGAfinal\\src\\CARGOS\\Administrativos\\TBL\\tblbitacora.jsx","statementMap":{"0":{"start":{"line":4,"column":20},"end":{"line":36,"column":1}},"1":{"start":{"line":5,"column":30},"end":{"line":5,"column":44}},"2":{"start":{"line":7,"column":2},"end":{"line":15,"column":9}},"3":{"start":{"line":8,"column":4},"end":{"line":14,"column":86}},"4":{"start":{"line":9,"column":24},"end":{"line":9,"column":39}},"5":{"start":{"line":11,"column":8},"end":{"line":11,"column":47}},"6":{"start":{"line":12,"column":8},"end":{"line":12,"column":24}},"7":{"start":{"line":14,"column":22},"end":{"line":14,"column":84}},"8":{"start":{"line":17,"column":2},"end":{"line":35,"column":4}},"9":{"start":{"line":22,"column":12},"end":{"line":28,"column":18}}},"fnMap":{"0":{"name":"(anonymous_0)","decl":{"start":{"line":4,"column":20},"end":{"line":4,"column":21}},"loc":{"start":{"line":4,"column":26},"end":{"line":36,"column":1}},"line":4},"1":{"name":"(anonymous_1)","decl":{"start":{"line":7,"column":12},"end":{"line":7,"column":13}},"loc":{"start":{"line":7,"column":18},"end":{"line":15,"column":3}},"line":7},"2":{"name":"(anonymous_2)","decl":{"start":{"line":9,"column":12},"end":{"line":9,"column":13}},"loc":{"start":{"line":9,"column":24},"end":{"line":9,"column":39}},"line":9},"3":{"name":"(anonymous_3)","decl":{"start":{"line":10,"column":12},"end":{"line":10,"column":13}},"loc":{"start":{"line":10,"column":20},"end":{"line":13,"column":7}},"line":10},"4":{"name":"(anonymous_4)","decl":{"start":{"line":14,"column":13},"end":{"line":14,"column":14}},"loc":{"start":{"line":14,"column":22},"end":{"line":14,"column":84}},"line":14},"5":{"name":"(anonymous_5)","decl":{"start":{"line":21,"column":22},"end":{"line":21,"column":23}},"loc":{"start":{"line":22,"column":12},"end":{"line":28,"column":18}},"line":22}},"branchMap":{"0":{"loc":{"start":{"line":19,"column":7},"end":{"line":33,"column":7}},"type":"cond-expr","locations":[{"start":{"line":20,"column":8},"end":{"line":30,"column":14}},{"start":{"line":32,"column":8},"end":{"line":32,"column":43}}],"line":19},"1":{"loc":{"start":{"line":27,"column":15},"end":{"line":27,"column":81}},"type":"binary-expr","locations":[{"start":{"line":27,"column":15},"end":{"line":27,"column":42}},{"start":{"line":27,"column":46},"end":{"line":27,"column":81}}],"line":27}},"s":{"0":0,"1":0,"2":0,"3":0,"4":0,"5":0,"6":0,"7":0,"8":0,"9":0},"f":{"0":0,"1":0,"2":0,"3":0,"4":0,"5":0},"b":{"0":[0,0],"1":[0,0]},"all":true},"C:\\Users\\Josue GC\\Downloads\\PRY-SIGA\\SIGA-PWA\\SIGAfinal\\src\\CARGOS\\Administrativos\\TBL\\tblboletin.jsx":{"path":"C:\\Users\\Josue GC\\Downloads\\PRY-SIGA\\SIGA-PWA\\SIGAfinal\\src\\CARGOS\\Administrativos\\TBL\\tblboletin.jsx","statementMap":{"0":{"start":{"line":4,"column":20},"end":{"line":36,"column":1}},"1":{"start":{"line":5,"column":30},"end":{"line":5,"column":44}},"2":{"start":{"line":7,"column":2},"end":{"line":15,"column":9}},"3":{"start":{"line":8,"column":4},"end":{"line":14,"column":86}},"4":{"start":{"line":9,"column":24},"end":{"line":9,"column":39}},"5":{"start":{"line":11,"column":8},"end":{"line":11,"column":47}},"6":{"start":{"line":12,"column":8},"end":{"line":12,"column":24}},"7":{"start":{"line":14,"column":22},"end":{"line":14,"column":84}},"8":{"start":{"line":17,"column":2},"end":{"line":35,"column":4}},"9":{"start":{"line":22,"column":12},"end":{"line":28,"column":18}}},"fnMap":{"0":{"name":"(anonymous_0)","decl":{"start":{"line":4,"column":20},"end":{"line":4,"column":21}},"loc":{"start":{"line":4,"column":26},"end":{"line":36,"column":1}},"line":4},"1":{"name":"(anonymous_1)","decl":{"start":{"line":7,"column":12},"end":{"line":7,"column":13}},"loc":{"start":{"line":7,"column":18},"end":{"line":15,"column":3}},"line":7},"2":{"name":"(anonymous_2)","decl":{"start":{"line":9,"column":12},"end":{"line":9,"column":13}},"loc":{"start":{"line":9,"column":24},"end":{"line":9,"column":39}},"line":9},"3":{"name":"(anonymous_3)","decl":{"start":{"line":10,"column":12},"end":{"line":10,"column":13}},"loc":{"start":{"line":10,"column":20},"end":{"line":13,"column":7}},"line":10},"4":{"name":"(anonymous_4)","decl":{"start":{"line":14,"column":13},"end":{"line":14,"column":14}},"loc":{"start":{"line":14,"column":22},"end":{"line":14,"column":84}},"line":14},"5":{"name":"(anonymous_5)","decl":{"start":{"line":21,"column":22},"end":{"line":21,"column":23}},"loc":{"start":{"line":22,"column":12},"end":{"line":28,"column":18}},"line":22}},"branchMap":{"0":{"loc":{"start":{"line":19,"column":7},"end":{"line":33,"column":7}},"type":"cond-expr","locations":[{"start":{"line":20,"column":8},"end":{"line":30,"column":14}},{"start":{"line":32,"column":8},"end":{"line":32,"column":43}}],"line":19},"1":{"loc":{"start":{"line":27,"column":15},"end":{"line":27,"column":79}},"type":"binary-expr","locations":[{"start":{"line":27,"column":15},"end":{"line":27,"column":42}},{"start":{"line":27,"column":46},"end":{"line":27,"column":79}}],"line":27}},"s":{"0":0,"1":0,"2":0,"3":0,"4":0,"5":0,"6":0,"7":0,"8":0,"9":0},"f":{"0":0,"1":0,"2":0,"3":0,"4":0,"5":0},"b":{"0":[0,0],"1":[0,0]},"all":true},"C:\\Users\\Josue GC\\Downloads\\PRY-SIGA\\SIGA-PWA\\SIGAfinal\\src\\CARGOS\\Directivos\\AdvancedSearchModal.jsx":{"path":"C:\\Users\\Josue GC\\Downloads\\PRY-SIGA\\SIGA-PWA\\SIGAfinal\\src\\CARGOS\\Directivos\\AdvancedSearchModal.jsx","statementMap":{"0":{"start":{"line":4,"column":28},"end":{"line":64,"column":1}},"1":{"start":{"line":5,"column":34},"end":{"line":5,"column":46}},"2":{"start":{"line":6,"column":28},"end":{"line":6,"column":40}},"3":{"start":{"line":7,"column":28},"end":{"line":7,"column":40}},"4":{"start":{"line":8,"column":24},"end":{"line":8,"column":36}},"5":{"start":{"line":9,"column":30},"end":{"line":9,"column":42}},"6":{"start":{"line":11,"column":23},"end":{"line":14,"column":3}},"7":{"start":{"line":12,"column":4},"end":{"line":12,"column":23}},"8":{"start":{"line":13,"column":4},"end":{"line":13,"column":54}},"9":{"start":{"line":16,"column":2},"end":{"line":63,"column":4}},"10":{"start":{"line":27,"column":65},"end":{"line":27,"column":90}},"11":{"start":{"line":29,"column":67},"end":{"line":29,"column":94}},"12":{"start":{"line":31,"column":53},"end":{"line":31,"column":77}},"13":{"start":{"line":34,"column":18},"end":{"line":36,"column":27}},"14":{"start":{"line":40,"column":53},"end":{"line":40,"column":77}},"15":{"start":{"line":43,"column":18},"end":{"line":45,"column":27}},"16":{"start":{"line":49,"column":51},"end":{"line":49,"column":73}},"17":{"start":{"line":52,"column":18},"end":{"line":54,"column":27}}},"fnMap":{"0":{"name":"(anonymous_0)","decl":{"start":{"line":4,"column":28},"end":{"line":4,"column":29}},"loc":{"start":{"line":4,"column":63},"end":{"line":64,"column":1}},"line":4},"1":{"name":"(anonymous_1)","decl":{"start":{"line":11,"column":23},"end":{"line":11,"column":24}},"loc":{"start":{"line":11,"column":30},"end":{"line":14,"column":3}},"line":11},"2":{"name":"(anonymous_2)","decl":{"start":{"line":27,"column":58},"end":{"line":27,"column":59}},"loc":{"start":{"line":27,"column":65},"end":{"line":27,"column":90}},"line":27},"3":{"name":"(anonymous_3)","decl":{"start":{"line":29,"column":60},"end":{"line":29,"column":61}},"loc":{"start":{"line":29,"column":67},"end":{"line":29,"column":94}},"line":29},"4":{"name":"(anonymous_4)","decl":{"start":{
[...]
":{"line":120,"column":5}},{"start":{},"end":{}}],"line":117},"7":{"loc":{"start":{"line":122,"column":4},"end":{"line":133,"column":5}},"type":"if","locations":[{"start":{"line":122,"column":4},"end":{"line":133,"column":5}},{"start":{"line":130,"column":11},"end":{"line":133,"column":5}}],"line":122},"8":{"loc":{"start":{"line":124,"column":6},"end":{"line":129,"column":7}},"type":"if","locations":[{"start":{"line":124,"column":6},"end":{"line":129,"column":7}},{"start":{"line":126,"column":13},"end":{"line":129,"column":7}}],"line":124},"9":{"loc":{"start":{"line":146,"column":4},"end":{"line":151,"column":5}},"type":"if","locations":[{"start":{"line":146,"column":4},"end":{"line":151,"column":5}},{"start":{"line":149,"column":11},"end":{"line":151,"column":5}}],"line":146},"10":{"loc":{"start":{"line":168,"column":4},"end":{"line":179,"column":5}},"type":"if","locations":[{"start":{"line":168,"column":4},"end":{"line":179,"column":5}},{"start":{"line":171,"column":11},"end":{"line":179,"column":5}}],"line":168},"11":{"loc":{"start":{"line":172,"column":6},"end":{"line":178,"column":7}},"type":"if","locations":[{"start":{"line":172,"column":6},"end":{"line":178,"column":7}},{"start":{"line":175,"column":13},"end":{"line":178,"column":7}}],"line":172},"12":{"loc":{"start":{"line":198,"column":4},"end":{"line":209,"column":5}},"type":"if","locations":[{"start":{"line":198,"column":4},"end":{"line":209,"column":5}},{"start":{"line":201,"column":11},"end":{"line":209,"column":5}}],"line":198},"13":{"loc":{"start":{"line":202,"column":6},"end":{"line":208,"column":7}},"type":"if","locations":[{"start":{"line":202,"column":6},"end":{"line":208,"column":7}},{"start":{"line":205,"column":13},"end":{"line":208,"column":7}}],"line":202},"14":{"loc":{"start":{"line":219,"column":4},"end":{"line":224,"column":5}},"type":"if","locations":[{"start":{"line":219,"column":4},"end":{"line":224,"column":5}},{"start":{"line":222,"column":11},"end":{"line":224,"column":5}}],"line":219}},"s":{"0":0,"1":0,"2":0,"3":0,"4":0,"5":0,"6":0,"7":0,"8":0,"9":0,"10":0,"11":0,"12":0,"13":0,"14":0,"15":0,"16":0,"17":0,"18":0,"19":0,"20":0,"21":0,"22":0,"23":0,"24":0,"25":0,"26":0,"27":0,"28":0,"29":0,"30":0,"31":0,"32":0,"33":0,"34":0,"35":0,"36":0,"37":0,"38":0,"39":0,"40":0,"41":0,"42":0,"43":0,"44":0,"45":0,"46":0,"47":0,"48":0,"49":0,"50":0,"51":0,"52":0,"53":0,"54":0,"55":0,"56":0,"57":0,"58":0,"59":0,"60":0,"61":0,"62":0,"63":0,"64":0,"65":0,"66":0,"67":0,"68":0,"69":0,"70":0,"71":0,"72":0,"73":0,"74":0,"75":0,"76":0,"77":0,"78":0,"79":0,"80":0,"81":0,"82":0,"83":0,"84":0,"85":0,"86":0,"87":0,"88":0,"89":0,"90":0,"91":0,"92":0},"f":{"0":0,"1":0,"2":0,"3":0,"4":0,"5":0,"6":0,"7":0,"8":0,"9":0,"10":0,"11":0,"12":0,"13":0,"14":0,"15":0,"16":0,"17":0},"b":{"0":[0,0],"1":[0,0],"2":[0,0],"3":[0,0],"4":[0,0],"5":[0,0],"6":[0,0],"7":[0,0],"8":[0,0],"9":[0,0],"10":[0,0],"11":[0,0],"12":[0,0],"13":[0,0],"14":[0,0]},"all":true},"C:\\Users\\Josue GC\\Downloads\\PRY-SIGA\\SIGA-PWA\\SIGAfinal\\src\\Views\\servergmail.jsx":{"path":"C:\\Users\\Josue GC\\Downloads\\PRY-SIGA\\SIGA-PWA\\SIGAfinal\\src\\Views\\servergmail.jsx","statementMap":{"0":{"start":{"line":1,"column":16},"end":{"line":1,"column":34}},"1":{"start":{"line":2,"column":13},"end":{"line":2,"column":28}},"2":{"start":{"line":3,"column":15},"end":{"line":3,"column":31}},"3":{"start":{"line":4,"column":23},"end":{"line":4,"column":54}},"4":{"start":{"line":6,"column":12},"end":{"line":6,"column":21}},"5":{"start":{"line":7,"column":13},"end":{"line":7,"column":17}},"6":{"start":{"line":9,"column":0},"end":{"line":9,"column":24}},"7":{"start":{"line":12,"column":0},"end":{"line":12,"column":51}},"8":{"start":{"line":14,"column":0},"end":{"line":29,"column":3}},"9":{"start":{"line":15,"column":27},"end":{"line":15,"column":35}},"10":{"start":{"line":17,"column":2},"end":{"line":28,"column":7}},"11":{"start":{"line":19,"column":6},"end":{"line":23,"column":7}},"12":{"start":{"line":20,"column":8},"end":{"line":20,"column":93}},"13":{"start":{"line":22,"column":8},"end":{"line":22,"column":103}},"14":{"start":{"line":26,"column":6},"end":{"line":26,"column":89}},"15":{"start":{"line":27,"column":6},"end":{"line":27,"column":86}},"16":{"start":{"line":31,"column":0},"end":{"line":33,"column":3}},"17":{"start":{"line":32,"column":2},"end":{"line":32,"column":80}},"18":{"start":{"line":35,"column":0},"end":{"line":35,"column":21}}},"fnMap":{"0":{"name":"(anonymous_0)","decl":{"start":{"line":14,"column":30},"end":{"line":14,"column":31}},"loc":{"start":{"line":14,"column":44},"end":{"line":29,"column":1}},"line":14},"1":{"name":"(anonymous_1)","decl":{"start":{"line":18,"column":10},"end":{"line":18,"column":11}},"loc":{"start":{"line":18,"column":21},"end":{"line":24,"column":5}},"line":18},"2":{"name":"(anonymous_2)","decl":{"start":{"line":25,"column":11},"end":{"line":25,"column":12}},"loc":{"start":{"line":25,"column":20},"end":{"line":28,"column":5}},"line":25},"3":{"name":"(anonymous_3)","decl":{"start":{"line":31,"column":17},"end":{"line":31,"column":18}},"loc":{"start":{"line":31,"column":23},"end":{"line":33,"column":1}},"line":31}},"branchMap":{"0":{"loc":{"start":{"line":19,"column":6},"end":{"line":23,"column":7}},"type":"if","locations":[{"start":{"line":19,"column":6},"end":{"line":23,"column":7}},{"start":{"line":21,"column":13},"end":{"line":23,"column":7}}],"line":19}},"s":{"0":0,"1":0,"2":0,"3":0,"4":0,"5":0,"6":0,"7":0,"8":0,"9":0,"10":0,"11":0,"12":0,"13":0,"14":0,"15":0,"16":0,"17":0,"18":0},"f":{"0":0,"1":0,"2":0,"3":0},"b":{"0":[0,0]},"all":true},"C:\\Users\\Josue GC\\Downloads\\PRY-SIGA\\SIGA-PWA\\SIGAfinal\\src\\Views\\sesion.jsx":{"path":"C:\\Users\\Josue GC\\Downloads\\PRY-SIGA\\SIGA-PWA\\SIGAfinal\\src\\Views\\sesion.jsx","statementMap":{"0":{"start":{"line":15,"column":15},"end":{"line":43,"column":1}},"1":{"start":{"line":17,"column":2},"end":{"line":42,"column":4}}},"fnMap":{"0":{"name":"(anonymous_0)","decl":{"start":{"line":15,"column":15},"end":{"line":15,"column":16}},"loc":{"start":{"line":15,"column":21},"end":{"line":43,"column":1}},"line":15}},"branchMap":{},"s":{"0":0,"1":0},"f":{"0":0},"b":{},"all":true},"C:\\Users\\Josue GC\\Downloads\\PRY-SIGA\\SIGA-PWA\\SIGAfinal\\src\\Views\\sesionAd.jsx":{"path":"C:\\Users\\Josue GC\\Downloads\\PRY-SIGA\\SIGA-PWA\\SIGAfinal\\src\\Views\\sesionAd.jsx","statementMap":{"0":{"start":{"line":17,"column":15},"end":{"line":44,"column":1}},"1":{"start":{"line":19,"column":2},"end":{"line":43,"column":4}}},"fnMap":{"0":{"name":"(anonymous_0)","decl":{"start":{"line":17,"column":15},"end":{"line":17,"column":16}},"loc":{"start":{"line":17,"column":21},"end":{"line":44,"column":1}},"line":17}},"branchMap":{},"s":{"0":0,"1":0},"f":{"0":0},"b":{},"all":true},"C:\\Users\\Josue GC\\Downloads\\PRY-SIGA\\SIGA-PWA\\SIGAfinal\\src\\Views\\SessionTimeoutHandler.jsx":{"path":"C:\\Users\\Josue GC\\Downloads\\PRY-SIGA\\SIGA-PWA\\SIGAfinal\\src\\Views\\SessionTimeoutHandler.jsx","statementMap":{"0":{"start":{"line":5,"column":30},"end":{"line":46,"column":1}},"1":{"start":{"line":6,"column":46},"end":{"line":6,"column":85}},"2":{"start":{"line":7,"column":19},"end":{"line":7,"column":32}},"3":{"start":{"line":9,"column":2},"end":{"line":43,"column":69}},"4":{"start":{"line":13,"column":27},"end":{"line":15,"column":5}},"5":{"start":{"line":14,"column":6},"end":{"line":14,"column":46}},"6":{"start":{"line":18,"column":27},"end":{"line":26,"column":5}},"7":{"start":{"line":19,"column":26},"end":{"line":19,"column":46}},"8":{"start":{"line":21,"column":6},"end":{"line":25,"column":7}},"9":{"start":{"line":22,"column":8},"end":{"line":22,"column":40}},"10":{"start":{"line":23,"column":8},"end":{"line":23,"column":34}},"11":{"start":{"line":24,"column":8},"end":{"line":24,"column":27}},"12":{"start":{"line":29,"column":23},"end":{"line":29,"column":51}},"13":{"start":{"line":30,"column":4},"end":{"line":42,"column":5}},"14":{"start":{"line":31,"column":25},"end":{"line":31,"column":58}},"15":{"start":{"line":33,"column":6},"end":{"line":33,"column":59}},"16":{"start":{"line":34,"column":6},"end":{"line":34,"column":57}},"17":{"start":{"line":37,"column":6},"end":{"line":41,"column":8}},"18":{"start":{"line":38,"column":8},"end":{"line":38,"column":64}},"19":{"start":{"line":39,"column":8},"end":{"line":39,"column":62}},"20":{"start":{"line":40,"column":8},"end":{"line":40,"column":34}},"21":{"start":{"line":45,"column":2},"end":{"line":45,"column":14}}},"fnMap":{"0":{"name":"(anonymous_0)","decl":{"start":{"line":5,"column":30},"end":{"line":5,"column":31}},"loc":{"start":{"line":5,"column":55},"end":{"line":46,"column":1}},"line":5},"1":{"name":"(anonymous_1)","decl":{"start":{"line":9,"column":12},"end":{"line":9,"column":13}},"loc":{"start":{"line":9,"column":18},"end":{"line":43,"column":3}},"line":9},"2":{"name":"(anonymous_2)","decl":{"start":{"line":13,"column":27},"end":{"line":13,"column":28}},"loc":{"start":{"line":13,"column":33},"end":{"line":15,"column":5}},"line":13},"3":{"name":"(anonymous_3)","decl":{"start":{"line":18,"column":27},"end":{"line":18,"column":28}},"loc":{"start":{"line":18,"column":33},"end":{"line":26,"column":5}},"line":18},"4":{"name":"(anonymous_4)","decl":{"start":{"line":37,"column":13},"end":{"line":37,"column":14}},"loc":{"start":{"line":37,"column":19},"end":{"line":41,"column":7}},"line":37}},"branchMap":{"0":{"loc":{"start":{"line":21,"column":6},"end":{"line":25,"column":7}},"type":"if","locations":[{"start":{"line":21,"column":6},"end":{"line":25,"column":7}},{"start":{},"end":{}}],"line":21},"1":{"loc":{"start":{"line":21,"column":10},"end":{"line":21,"column":74}},"type":"binary-expr","locations":[{"start":{"line":21,"column":10},"end":{"line":21,"column":24}},{"start":{"line":21,"column":28},"end":{"line":21,"column":74}}],"line":21},"2":{"loc":{"start":{"line":30,"column":4},"end":{"line":42,"column":5}},"type":"if","locations":[{"start":{"line":30,"column":4},"end":{"line":42,"column":5}},{"start":{},"end":{}}],"line":30}},"s":{"0":0,"1":0,"2":0,"3":0,"4":0,"5":0,"6":0,"7":0,"8":0,"9":0,"10":0,"11":0,"12":0,"13":0,"14":0,"15":0,"16":0,"17":0,"18":0,"19":0,"20":0,"21":0},"f":{"0":0,"1":0,"2":0,"3":0,"4":0},"b":{"0":[0,0],"1":[0,0],"2":[0,0]},"all":true},"C:\\Users\\Josue GC\\Downloads\\PRY-SIGA\\SIGA-PWA\\SIGAfinal\\src\\Views\\TablaExp.jsx":{"path":"C:\\Users\\Josue GC\\Downloads\\PRY-SIGA\\SIGA-PWA\\SIGAfinal\\src\\Views\\TablaExp.jsx","statementMap":{"0":{"start":{"line":9,"column":17},"end":{"line":20,"column":1}},"1":{"start":{"line":10,"column":2},"end":{"line":19,"column":4}}},"fnMap":{"0":{"name":"(anonymous_0)","decl":{"start":{"line":9,"column":17},"end":{"line":9,"column":18}},"loc":{"start":{"line":9,"column":23},"end":{"line":20,"column":1}},"line":9}},"branchMap":{},"s":{"0":0,"1":0},"f":{"0":0},"b":{},"all":true},"C:\\Users\\Josue GC\\Downloads\\PRY-SIGA\\SIGA-PWA\\SIGAfinal\\src\\Views\\useScrollHandler.jsx":{"path":"C:\\Users\\Josue GC\\Downloads\\PRY-SIGA\\SIGA-PWA\\SIGAfinal\\src\\Views\\useScrollHandler.jsx","statementMap":{"0":{"start":{"line":3,"column":25},"end":{"line":28,"column":1}},"1":{"start":{"line":4,"column":34},"end":{"line":4,"column":45}},"2":{"start":{"line":6,"column":2},"end":{"line":25,"column":9}},"3":{"start":{"line":7,"column":25},"end":{"line":17,"column":5}},"4":{"start":{"line":8,"column":27},"end":{"line":8,"column":45}},"5":{"start":{"line":9,"column":25},"end":{"line":9,"column":51}},"6":{"start":{"line":10,"column":22},"end":{"line":10,"column":40}},"7":{"start":{"line":12,"column":23},"end":{"line":12,"column":30}},"8":{"start":{"line":13,"column":26},"end":{"line":13,"column":51}},"9":{"start":{"line":14,"column":23},"end":{"line":14,"column":68}},"10":{"start":{"line":16,"column":6},"end":{"line":16,"column":28}},"11":{"start":{"line":19,"column":4},"end":{"line":19,"column":52}},"12":{"start":{"line":22,"column":4},"end":{"line":24,"column":6}},"13":{"start":{"line":23,"column":6},"end":{"line":23,"column":57}},"14":{"start":{"line":27,"column":2},"end":{"line":27,"column":18}}},"fnMap":{"0":{"name":"(anonymous_0)","decl":{"start":{"line":3,"column":25},"end":{"line":3,"column":26}},"loc":{"start":{"line":3,"column":31},"end":{"line":28,"column":1}},"line":3},"1":{"name":"(anonymous_1)","decl":{"start":{"line":6,"column":12},"end":{"line":6,"column":13}},"loc":{"start":{"line":6,"column":18},"end":{"line":25,"column":3}},"line":6},"2":{"name":"(anonymous_2)","decl":{"start":{"line":7,"column":25},"end":{"line":7,"column":26}},"loc":{"start":{"line":7,"column":31},"end":{"line":17,"column":5}},"line":7},"3":{"name":"(anonymous_3)","decl":{"start":{"line":22,"column":11},"end":{"line":22,"column":12}},"loc":{"start":{"line":22,"column":17},"end":{"line":24,"column":5}},"line":22}},"branchMap":{},"s":{"0":0,"1":0,"2":0,"3":0,"4":0,"5":0,"6":0,"7":0,"8":0,"9":0,"10":0,"11":0,"12":0,"13":0,"14":0},"f":{"0":0,"1":0,"2":0,"3":0},"b":{},"all":true},"C:\\Users\\Josue GC\\Downloads\\PRY-SIGA\\SIGA-PWA\\SIGAfinal\\src\\Views\\ValidarUsuario.jsx":{"path":"C:\\Users\\Josue GC\\Downloads\\PRY-SIGA\\SIGA-PWA\\SIGAfinal\\src\\Views\\ValidarUsuario.jsx","statementMap":{"0":{"start":{"line":9,"column":23},"end":{"line":60,"column":1}},"1":{"start":{"line":10,"column":32},"end":{"line":10,"column":44}},"2":{"start":{"line":11,"column":28},"end":{"line":11,"column":40}},"3":{"start":{"line":12,"column":19},"end":{"line":12,"column":32}},"4":{"start":{"line":14,"column":23},"end":{"line":36,"column":3}},"5":{"start":{"line":15,"column":4},"end":{"line":15,"column":23}},"6":{"start":{"line":16,"column":4},"end":{"line":35,"column":5}},"7":{"start":{"line":18,"column":25},"end":{"line":25,"column":8}},"8":{"start":{"line":26,"column":19},"end":{"line":26,"column":40}},"9":{"start":{"line":27,"column":6},"end":{"line":32,"column":7}},"10":{"start":{"line":29,"column":8},"end":{"line":29,"column":50}},"11":{"start":{"line":31,"column":8},"end":{"line":31,"column":31}},"12":{"start":{"line":34,"column":6},"end":{"line":34,"column":56}},"13":{"start":{"line":38,"column":2},"end":{"line":59,"column":4}},"14":{"start":{"line":49,"column":107},"end":{"line":49,"column":133}}},"fnMap":{"0":{"name":"(anonymous_0)","decl":{"start":{"line":9,"column":23},"end":{"line":9,"column":24}},"loc":{"start":{"line":9,"column":29},"end":{"line":60,"column":1}},"line":9},"1":{"name":"(anonymous_1)","decl":{"start":{"line":14,"column":23},"end":{"line":14,"column":24}},"loc":{"start":{"line":14,"column":36},"end":{"line":36,"column":3}},"line":14},"2":{"name":"(anonymous_2)","decl":{"start":{"line":49,"column":100},"end":{"line":49,"column":101}},"loc":{"start":{"line":49,"column":107},"end":{"line":49,"column":133}},"line":49}},"branchMap":{"0":{"loc":{"start":{"line":27,"column":6},"end":{"line":32,"column":7}},"type":"if","locations":[{"start":{"line":27,"column":6},"end":{"line":32,"column":7}},{"start":{"line":30,"column":13},"end":{"line":32,"column":7}}],"line":27},"1":{"loc":{"start":{"line":54,"column":7},"end":{"line":54,"column":30}},"type":"binary-expr","locations":[{"start":{"line":54,"column":7},"end":{"line":54,"column":12}},{"start":{"line":54,"column":16},"end":{"line":54,"column":30}}],"line":54}},"s":{"0":0,"1":0,"2":0,"3":0,"4":0,"5":0,"6":0,"7":0,"8":0,"9":0,"10":0,"11":0,"12":0,"13":0,"14":0},"f":{"0":0,"1":0,"2":0},"b":{"0":[0,0],"1":[0,0]},"all":true},"C:\\Users\\Josue GC\\Downloads\\PRY-SIGA\\SIGA-PWA\\SIGAfinal\\src\\Views\\ViewsBittacoras.jsx":{"path":"C:\\Users\\Josue GC\\Downloads\\PRY-SIGA\\SIGA-PWA\\SIGAfinal\\src\\Views\\ViewsBittacoras.jsx","statementMap":{"0":{"start":{"line":6,"column":18},"end":{"line":115,"column":1}},"1":{"start":{"line":7,"column":48},"end":{"line":12,"column":6}},"2":{"start":{"line":13,"column":48},"end":{"line":13,"column":60}},"3":{"start":{"line":15,"column":25},"end":{"line":21,"column":5}},"4":{"start":{"line":16,"column":32},"end":{"line":16,"column":40}},"5":{"start":{"line":17,"column":8},"end":{"line":20,"column":12}},"6":{"start":{"line":17,"column":40},"end":{"line":20,"column":9}},"7":{"start":{"line":23,"column":29},"end":{"line":53,"column":5}},"8":{"start":{"line":25,"column":8},"end":{"line":27,"column":9}},"9":{"start":{"line":26,"column":12},"end":{"line":26,"column":19}},"10":{"start":{"line":31,"column":8},"end":{"line":52,"column":82}},"11":{"start":{"line":39,"column":26},"end":{"line":39,"column":41}},"12":{"start":{"line":41,"column":12},"end":{"line":41,"column":57}},"13":{"start":{"line":43,"column":12},"end":{"line":48,"column":15}},"14":{"start":{"line":50,"column":12},"end":{"line":50,"column":60}},"15":{"start":{"line":52,"column":24},"end":{"line":52,"column":80}},"16":{"start":{"line":55,"column":25},"end":{"line":62,"column":5}},"17":{"start":{"line":56,"column":59},"end":{"line":56,"column":73}},"18":{"start":{"line":57,"column":8},"end":{"line":60,"column":9}},"19":{"start":{"line":58,"column":12},"end":{"line":58,"column":81}},"20":{"start":{"line":59,"column":12},"end":{"line":59,"column":25}},"21":{"start":{"line":61,"column":8},"end":{"line":61,"column":20}},"22":{"start":{"line":64,"column":4},"end":{"line":114,"column":6}},"23":{"start":{"line":119,"column":15},"end":{"line":170,"column":1}}},"fnMap":{"0":{"name":"(anonymous_0)","decl":{"start":{"line":6,"column":18},"end":{"line":6,"column":19}},"loc":{"start":{"line":6,"column":24},"end":{"line":115,"column":1}},"line":6},"1":{"name":"(anonymous_1)","decl":{"start":{"line":15,"column":25},"end":{"line":15,"column":26}},"loc":{"start":{"line":15,"column":32},"end":{"line":21,"column":5}},"line":15},"2":{"name":"(anonymous_2)","decl":{"start":{"line":17,"column":26},"end":{"line":17,"column":27}},"loc":{"start":{"line":17,"column":40},"end":{"line":20,"column":9}},"line":17},"3":{"name":"(anonymous_3)","decl":{"start":{"line":23,"column":29},"end":{"line":23,"column":30}},"loc":{"start":{"line":23,"column":35},"end":{"line":53,"column":5}},"line":23},"4":{"name":"(anonymous_4)","decl":{"start":{"line":39,"column":14},"end":{"line":39,"column":15}},"loc":{"start":{"line":39,"column":26},"end":{"line":39,"column":41}},"line":39},"5":{"name":"(anonymous_5)","decl":{"start":{"line":40,"column":14},"end":{"line":40,"column":15}},"loc":{"start":{"line":40,"column":22},"end":{"line":51,"column":9}},"line":40},"6":{"name":"(anonymous_6)","decl":{"start":{"line":52,"column":15},"end":{"line":52,"column":16}},"loc":{"start":{"line":52,"column":24},"end":{"line":52,"column":80}},"line":52},"7":{"name":"(anonymous_7)","decl":{"start":{"line":55,"column":25},"end":{"line":55,"column":26}},"loc":{"start":{"line":55,"column":31},"end":{"line":62,"column":5}},"line":55}},"branchMap":{"0":{"loc":{"start":{"line":25,"column":8},"end":{"line":27,"column":9}},"type":"if","locations":[{"start":{"line":25,"column":8},"end":{"line":27,"column":9}},{"start":{},"end":{}}],"line":25},"1":{"loc":{"start":{"line":57,"column":8},"end":{"line":60,"column":9}},"type":"if","locations":[{"start":{"line":57,"column":8},"end":{"line":60,"column":9}},{"start":{},"end":{}}],"line":57},"2":{"loc":{"start":{"line":57,"column":12},"end":{"line":57,"column":60}},"type":"binary-expr","locations":[{"start":{"line":57,"column":12},"end":{"line":57,"column":23}},{"start":{"line":57,"column":27},"end":{"line":57,"column":34}},{"start":{"line":57,"column":38},"end":{"line":57,"column":44}},{"start":{"line":57,"column":48},"end":{"line":57,"column":60}}],"line":57},"3":{"loc":{"start":{"line":110,"column":21},"end":{"line":110,"column":92}},"type":"binary-expr","locations":[{"start":{"line":110,"column":21},"end":{"line":110,"column":35}},{"start":{"line":110,"column":39},"end":{"line":110,"column":92}}],"line":110}},"s":{"0":0,"1":0,"2":0,"3":0,"4":0,"5":0,"6":0,"7":0,"8":0,"9":0,"10":0,"11":0,"12":0,"13":0,"14":0,"15":0,"16":0,"17":0,"18":0,"19":0,"20":0,"21":0,"22":0,"23":0},"f":{"0":0,"1":0,"2":0,"3":0,"4":0,"5":0,"6":0,"7":0},"b":{"0":[0,0],"1":[0,0],"2":[0,0,0,0],"3":[0,0]},"all":true}}